###############################################################
#  Generated by:      Cadence Tempus 21.13-s102_1
#  OS:                Linux x86_64(Host ID cadsv211)
#  Generated on:      Sat Feb  4 22:19:29 2023
#  Design:            LIF_neuron_m_top
#  Command:           report_analysis_coverage            > ${reportDir}/coverage.rpt
###############################################################
    -------------------------------------------------------------------------------------------  
                                   TIMING CHECK COVERAGE SUMMARY                                  
    -------------------------------------------------------------------------------------------  
     Check Type                      No. of   Met              Violated         Untested         
                                     Checks                                                      
    -------------------------------------------------------------------------------------------  
    Clock Gating Hold              2         2 (100%)         0 (0%)           0 (0%)
    Clock Gating Setup             2         2 (100%)         0 (0%)           0 (0%)
    ExternalDelay (Early)          7         6 (85%)          0 (0%)           1 (14%)
    ExternalDelay (Late)           7         6 (85%)          0 (0%)           1 (14%)
    Hold                           12        11 (91%)         0 (0%)           1 (8%)
    PulseWidth                     32        32 (100%)        0 (0%)           0 (0%)
    Recovery                       10        10 (100%)        0 (0%)           0 (0%)
    Removal                        10        10 (100%)        0 (0%)           0 (0%)
    Setup                          10        9 (90%)          0 (0%)           1 (10%)
    TimeBorrow                     2         2 (100%)         0 (0%)           0 (0%)
    -------------------------------------------------------------------------------------------
