###############################################################
#  Generated by:      Cadence Tempus 21.13-s102_1
#  OS:                Linux x86_64(Host ID cadsv211)
#  Generated on:      Sat Feb  4 22:19:30 2023
#  Design:            LIF_neuron_m_top
#  Command:           report_timing -retime path_slew_propagation -max_paths 10000 -nworst 1 -path_type full_clock    > ${reportDir}/pba_50_paths.rpt
###############################################################
Path 1: MET Latch Borrowed Time Check with Pin LIF_neuron_inst/RC_CG_HIER_INST1/enl_reg/GN 
Endpoint:   LIF_neuron_inst/RC_CG_HIER_INST1/enl_reg/D (^) checked with trailing edge of 'clk'
Beginpoint: i_recc                                     (^) triggered by  leading edge of 'clk'
Path Groups: {clk}
Analysis View: ana_1
Retime Analysis { Data Path-Slew }
Other End Arrival Time          2.981
+ Time Borrowed                 0.000
+ Phase Shift                   0.000
= Required Time                 2.981
- Arrival Time                  1.258
= Slack Time                    1.722
= Slack Time(original)          1.722
     Clock Rise Edge                      0.000
     + Input Delay                        0.000
     = Beginpoint Arrival Time            0.000
     Timing Path:
      --------------------------------------------------------------------------------------------
      Instance                                    Arc           Cell     Retime  Arrival  Required  
                                                                         Delay   Time     Time  
      --------------------------------------------------------------------------------------------
      -                                           i_recc ^      -        -       0.000    1.722  
      iopads_inst/precc                           -             PDIDGZ   0.000   0.000    1.722  
      iopads_inst/precc                           PAD ^ -> C ^  PDIDGZ   0.936   0.936    2.658  
      LIF_neuron_inst/g1274__8428                 -             OR4XL    -0.016  0.920    2.642  
      LIF_neuron_inst/g1274__8428                 D ^ -> Y ^    OR4XL    0.183   1.102    2.825  
      LIF_neuron_inst/RC_CG_HIER_INST1/g10__5107  -             OR2XL    0.000   1.102    2.825  
      LIF_neuron_inst/RC_CG_HIER_INST1/g10__5107  A ^ -> Y ^    OR2XL    0.156   1.258    2.981  
      LIF_neuron_inst/RC_CG_HIER_INST1/enl_reg    -             TLATNXL  0.000   1.258    2.981  
      --------------------------------------------------------------------------------------------
     Clock Fall Edge                      2.500
     = Beginpoint Arrival Time            2.500
     Other End Path:
      ------------------------------------------------------------------------------------------
      Instance                                  Arc           Cell     Retime  Arrival  Required  
                                                                       Delay   Time     Time  
      ------------------------------------------------------------------------------------------
      -                                         clk v         -        -       2.500    0.778  
      iopads_inst/pclck                         -             PDIDGZ   0.000   2.500    0.778  
      iopads_inst/pclck                         PAD v -> C v  PDIDGZ   0.461   2.961    1.239  
      LIF_neuron_inst/RC_CG_HIER_INST1/enl_reg  -             TLATNXL  0.019   2.981    1.258  
      ------------------------------------------------------------------------------------------
Path 2: MET Latch Borrowed Time Check with Pin LIF_neuron_inst/RC_CG_HIER_INST2/enl_reg/GN 
Endpoint:   LIF_neuron_inst/RC_CG_HIER_INST2/enl_reg/D (^) checked with trailing edge of 'clk'
Beginpoint: test_mode                                  (^) triggered by  leading edge of '@'
Path Groups: {clk}
Analysis View: ana_1
Retime Analysis { Data Path-Slew }
Other End Arrival Time          2.981
+ Time Borrowed                 0.000
+ Phase Shift                   0.000
= Required Time                 2.981
- Arrival Time                  1.223
= Slack Time                    1.758
= Slack Time(original)          1.758
     Clock Rise Edge                      0.000
     + Input Delay                        0.000
     = Beginpoint Arrival Time            0.000
     Timing Path:
      --------------------------------------------------------------------------------------------
      Instance                                    Arc           Cell     Retime  Arrival  Required  
                                                                         Delay   Time     Time  
      --------------------------------------------------------------------------------------------
      -                                           test_mode ^   -        -       0.000    1.758  
      iopads_inst/ptest_mode                      -             PDIDGZ   0.000   0.000    1.758  
      iopads_inst/ptest_mode                      PAD ^ -> C ^  PDIDGZ   0.938   0.938    2.696  
      FE_PHC7_test_modeI                          -             BUFX3    -0.015  0.923    2.681  
      FE_PHC7_test_modeI                          A ^ -> Y ^    BUFX3    0.132   1.055    2.813  
      LIF_neuron_inst/RC_CG_HIER_INST2/g10__4319  -             OR2XL    0.001   1.056    2.813  
      LIF_neuron_inst/RC_CG_HIER_INST2/g10__4319  B ^ -> Y ^    OR2XL    0.167   1.223    2.981  
      LIF_neuron_inst/RC_CG_HIER_INST2/enl_reg    -             TLATNXL  0.000   1.223    2.981  
      --------------------------------------------------------------------------------------------
     Clock Fall Edge                      2.500
     = Beginpoint Arrival Time            2.500
     Other End Path:
      ------------------------------------------------------------------------------------------
      Instance                                  Arc           Cell     Retime  Arrival  Required  
                                                                       Delay   Time     Time  
      ------------------------------------------------------------------------------------------
      -                                         clk v         -        -       2.500    0.742  
      iopads_inst/pclck                         -             PDIDGZ   0.000   2.500    0.742  
      iopads_inst/pclck                         PAD v -> C v  PDIDGZ   0.461   2.961    1.204  
      LIF_neuron_inst/RC_CG_HIER_INST2/enl_reg  -             TLATNXL  0.019   2.981    1.223  
      ------------------------------------------------------------------------------------------
Path 3: MET Setup Check with Pin LIF_neuron_inst/r_acc_V_reg[3]/CK 
Endpoint:   LIF_neuron_inst/r_acc_V_reg[3]/D (v) checked with  leading edge of 'clk'
Beginpoint: i_wspike[2]                      (^) triggered by  leading edge of 'clk'
Path Groups: {clk}
Analysis View: ana_1
Retime Analysis { Data Path-Slew }
Other End Arrival Time          1.252
- Setup                         0.212
+ Phase Shift                   5.000
= Required Time                 6.040
- Arrival Time                  3.948
= Slack Time                    2.092
= Slack Time(original)          2.059
     Clock Rise Edge                      0.000
     + Input Delay                        0.000
     = Beginpoint Arrival Time            0.000
     Timing Path:
      -----------------------------------------------------------------------------------
      Instance                        Arc            Cell       Retime  Arrival  Required  
                                                                Delay   Time     Time  
      -----------------------------------------------------------------------------------
      -                               i_wspike[2] ^  -          -       0.000    2.092  
      iopads_inst/pwspike2            -              PDIDGZ     0.000   0.000    2.092  
      iopads_inst/pwspike2            PAD ^ -> C ^   PDIDGZ     0.935   0.935    3.027  
      LIF_neuron_inst/g1904__5526     -              NOR2BXL    -0.015  0.920    3.012  
      LIF_neuron_inst/g1904__5526     AN ^ -> Y ^    NOR2BXL    0.299   1.219    3.311  
      LIF_neuron_inst/g1898__5107     -              NOR2XL     0.000   1.219    3.311  
      LIF_neuron_inst/g1898__5107     B ^ -> Y v     NOR2XL     0.155   1.374    3.466  
      LIF_neuron_inst/g1892__7410     -              NOR2XL     0.000   1.374    3.466  
      LIF_neuron_inst/g1892__7410     B v -> Y ^     NOR2XL     0.228   1.602    3.694  
      LIF_neuron_inst/g1886__9945     -              AOI32XL    0.000   1.602    3.694  
      LIF_neuron_inst/g1886__9945     B0 ^ -> Y v    AOI32XL    0.115   1.717    3.809  
      LIF_neuron_inst/g1884__6161     -              NOR2BXL    0.000   1.717    3.809  
      LIF_neuron_inst/g1884__6161     B v -> Y ^     NOR2BXL    0.395   2.112    4.204  
      LIF_neuron_inst/g1878__1881     -              NOR2XL     0.001   2.113    4.205  
      LIF_neuron_inst/g1878__1881     B ^ -> Y v     NOR2XL     0.228   2.341    4.434  
      LIF_neuron_inst/g1875           -              INVXL      0.000   2.341    4.434  
      LIF_neuron_inst/g1875           A v -> Y ^     INVXL      0.205   2.546    4.639  
      LIF_neuron_inst/g1870__2802     -              NOR2XL     0.000   2.546    4.639  
      LIF_neuron_inst/g1870__2802     A ^ -> Y v     NOR2XL     0.164   2.710    4.803  
      LIF_neuron_inst/g1865__8428     -              OAI21XL    0.000   2.710    4.803  
      LIF_neuron_inst/g1865__8428     A0 v -> Y ^    OAI21XL    0.283   2.994    5.086  
      LIF_neuron_inst/g1859__6417     -              OAI2BB1XL  0.000   2.994    5.086  
      LIF_neuron_inst/g1859__6417     A1N ^ -> Y ^   OAI2BB1XL  0.260   3.254    5.346  
      LIF_neuron_inst/g1851__4733     -              XNOR2XL    0.000   3.254    5.346  
      LIF_neuron_inst/g1851__4733     B ^ -> Y v     XNOR2XL    0.397   3.650    5.743  
      LIF_neuron_inst/g1845__7098     -              AOI22XL    0.000   3.651    5.743  
      LIF_neuron_inst/g1845__7098     A0 v -> Y ^    AOI22XL    0.174   3.825    5.917  
      LIF_neuron_inst/g1838__2802     -              AOI21XL    0.000   3.825    5.917  
      LIF_neuron_inst/g1838__2802     A0 ^ -> Y v    AOI21XL    0.123   3.948    6.040  
      LIF_neuron_inst/r_acc_V_reg[3]  -              DFFRX1     0.000   3.948    6.040  
      -----------------------------------------------------------------------------------
     Clock Rise Edge                      0.000
     = Beginpoint Arrival Time            0.000
     Other End Path:
      -------------------------------------------------------------------------------------------
      Instance                                    Arc           Cell    Retime  Arrival  Required  
                                                                        Delay   Time     Time  
      -------------------------------------------------------------------------------------------
      -                                           clk ^         -       -       0.000    -2.092  
      iopads_inst/pclck                           -             PDIDGZ  0.000   0.000    -2.092  
      iopads_inst/pclck                           PAD ^ -> C ^  PDIDGZ  0.938   0.938    -1.154  
      LIF_neuron_inst/RC_CG_HIER_INST1/g15__2398  -             AND2XL  -0.016  0.922    -1.170  
      LIF_neuron_inst/RC_CG_HIER_INST1/g15__2398  A ^ -> Y ^    AND2XL  0.329   1.252    -0.840  
      LIF_neuron_inst/r_acc_V_reg[3]              -             DFFRX1  0.000   1.252    -0.840  
      -------------------------------------------------------------------------------------------
Path 4: MET Setup Check with Pin LIF_neuron_inst/r_acc_V_reg[1]/CK 
Endpoint:   LIF_neuron_inst/r_acc_V_reg[1]/D (v) checked with  leading edge of 'clk'
Beginpoint: i_wspike[2]                      (^) triggered by  leading edge of 'clk'
Path Groups: {clk}
Analysis View: ana_1
Retime Analysis { Data Path-Slew }
Other End Arrival Time          1.252
- Setup                         0.218
+ Phase Shift                   5.000
= Required Time                 6.034
- Arrival Time                  3.926
= Slack Time                    2.108
= Slack Time(original)          2.076
     Clock Rise Edge                      0.000
     + Input Delay                        0.000
     = Beginpoint Arrival Time            0.000
     Timing Path:
      -----------------------------------------------------------------------------------
      Instance                        Arc            Cell       Retime  Arrival  Required  
                                                                Delay   Time     Time  
      -----------------------------------------------------------------------------------
      -                               i_wspike[2] ^  -          -       0.000    2.109  
      iopads_inst/pwspike2            -              PDIDGZ     0.000   0.000    2.109  
      iopads_inst/pwspike2            PAD ^ -> C ^   PDIDGZ     0.935   0.935    3.044  
      LIF_neuron_inst/g1904__5526     -              NOR2BXL    -0.015  0.920    3.029  
      LIF_neuron_inst/g1904__5526     AN ^ -> Y ^    NOR2BXL    0.299   1.219    3.327  
      LIF_neuron_inst/g1898__5107     -              NOR2XL     0.000   1.219    3.328  
      LIF_neuron_inst/g1898__5107     B ^ -> Y v     NOR2XL     0.155   1.374    3.482  
      LIF_neuron_inst/g1892__7410     -              NOR2XL     0.000   1.374    3.483  
      LIF_neuron_inst/g1892__7410     B v -> Y ^     NOR2XL     0.228   1.602    3.710  
      LIF_neuron_inst/g1886__9945     -              AOI32XL    0.000   1.602    3.710  
      LIF_neuron_inst/g1886__9945     B0 ^ -> Y v    AOI32XL    0.115   1.717    3.825  
      LIF_neuron_inst/g1884__6161     -              NOR2BXL    0.000   1.717    3.825  
      LIF_neuron_inst/g1884__6161     B v -> Y ^     NOR2BXL    0.395   2.112    4.221  
      LIF_neuron_inst/g1878__1881     -              NOR2XL     0.001   2.113    4.221  
      LIF_neuron_inst/g1878__1881     B ^ -> Y v     NOR2XL     0.228   2.341    4.450  
      LIF_neuron_inst/g1875           -              INVXL      0.000   2.341    4.450  
      LIF_neuron_inst/g1875           A v -> Y ^     INVXL      0.205   2.546    4.655  
      LIF_neuron_inst/g1870__2802     -              NOR2XL     0.000   2.547    4.655  
      LIF_neuron_inst/g1870__2802     A ^ -> Y v     NOR2XL     0.164   2.710    4.819  
      LIF_neuron_inst/g1865__8428     -              OAI21XL    0.000   2.711    4.819  
      LIF_neuron_inst/g1865__8428     A0 v -> Y ^    OAI21XL    0.283   2.994    5.102  
      LIF_neuron_inst/g1859__6417     -              OAI2BB1XL  0.000   2.994    5.103  
      LIF_neuron_inst/g1859__6417     A1N ^ -> Y ^   OAI2BB1XL  0.260   3.254    5.362  
      LIF_neuron_inst/g1853__9315     -              NAND3BXL   0.000   3.254    5.362  
      LIF_neuron_inst/g1853__9315     AN ^ -> Y ^    NAND3BXL   0.221   3.475    5.583  
      LIF_neuron_inst/g1849__5115     -              NAND2BXL   0.000   3.475    5.583  
      LIF_neuron_inst/g1849__5115     AN ^ -> Y ^    NAND2BXL   0.297   3.772    5.881  
      LIF_neuron_inst/g1842__1705     -              AOI21XL    0.000   3.773    5.881  
      LIF_neuron_inst/g1842__1705     A0 ^ -> Y v    AOI21XL    0.153   3.926    6.034  
      LIF_neuron_inst/r_acc_V_reg[1]  -              DFFRX1     0.000   3.926    6.034  
      -----------------------------------------------------------------------------------
     Clock Rise Edge                      0.000
     = Beginpoint Arrival Time            0.000
     Other End Path:
      -------------------------------------------------------------------------------------------
      Instance                                    Arc           Cell    Retime  Arrival  Required  
                                                                        Delay   Time     Time  
      -------------------------------------------------------------------------------------------
      -                                           clk ^         -       -       0.000    -2.108  
      iopads_inst/pclck                           -             PDIDGZ  0.000   0.000    -2.108  
      iopads_inst/pclck                           PAD ^ -> C ^  PDIDGZ  0.938   0.938    -1.170  
      LIF_neuron_inst/RC_CG_HIER_INST1/g15__2398  -             AND2XL  -0.016  0.922    -1.186  
      LIF_neuron_inst/RC_CG_HIER_INST1/g15__2398  A ^ -> Y ^    AND2XL  0.329   1.252    -0.857  
      LIF_neuron_inst/r_acc_V_reg[1]              -             DFFRX1  0.000   1.252    -0.856  
      -------------------------------------------------------------------------------------------
Path 5: MET Setup Check with Pin LIF_neuron_inst/r_acc_V_reg[2]/CK 
Endpoint:   LIF_neuron_inst/r_acc_V_reg[2]/D (v) checked with  leading edge of 'clk'
Beginpoint: i_wspike[2]                      (^) triggered by  leading edge of 'clk'
Path Groups: {clk}
Analysis View: ana_1
Retime Analysis { Data Path-Slew }
Other End Arrival Time          1.252
- Setup                         0.218
+ Phase Shift                   5.000
= Required Time                 6.034
- Arrival Time                  3.924
= Slack Time                    2.110
= Slack Time(original)          2.078
     Clock Rise Edge                      0.000
     + Input Delay                        0.000
     = Beginpoint Arrival Time            0.000
     Timing Path:
      -----------------------------------------------------------------------------------
      Instance                        Arc            Cell       Retime  Arrival  Required  
                                                                Delay   Time     Time  
      -----------------------------------------------------------------------------------
      -                               i_wspike[2] ^  -          -       0.000    2.110  
      iopads_inst/pwspike2            -              PDIDGZ     0.000   0.000    2.110  
      iopads_inst/pwspike2            PAD ^ -> C ^   PDIDGZ     0.935   0.935    3.045  
      LIF_neuron_inst/g1904__5526     -              NOR2BXL    -0.015  0.920    3.030  
      LIF_neuron_inst/g1904__5526     AN ^ -> Y ^    NOR2BXL    0.299   1.219    3.329  
      LIF_neuron_inst/g1898__5107     -              NOR2XL     0.000   1.219    3.329  
      LIF_neuron_inst/g1898__5107     B ^ -> Y v     NOR2XL     0.155   1.374    3.484  
      LIF_neuron_inst/g1892__7410     -              NOR2XL     0.000   1.374    3.484  
      LIF_neuron_inst/g1892__7410     B v -> Y ^     NOR2XL     0.228   1.602    3.712  
      LIF_neuron_inst/g1886__9945     -              AOI32XL    0.000   1.602    3.712  
      LIF_neuron_inst/g1886__9945     B0 ^ -> Y v    AOI32XL    0.115   1.717    3.827  
      LIF_neuron_inst/g1884__6161     -              NOR2BXL    0.000   1.717    3.827  
      LIF_neuron_inst/g1884__6161     B v -> Y ^     NOR2BXL    0.395   2.112    4.222  
      LIF_neuron_inst/g1878__1881     -              NOR2XL     0.001   2.113    4.223  
      LIF_neuron_inst/g1878__1881     B ^ -> Y v     NOR2XL     0.228   2.341    4.451  
      LIF_neuron_inst/g1875           -              INVXL      0.000   2.341    4.451  
      LIF_neuron_inst/g1875           A v -> Y ^     INVXL      0.205   2.546    4.656  
      LIF_neuron_inst/g1870__2802     -              NOR2XL     0.000   2.546    4.656  
      LIF_neuron_inst/g1870__2802     A ^ -> Y v     NOR2XL     0.164   2.710    4.820  
      LIF_neuron_inst/g1865__8428     -              OAI21XL    0.000   2.711    4.820  
      LIF_neuron_inst/g1865__8428     A0 v -> Y ^    OAI21XL    0.283   2.994    5.104  
      LIF_neuron_inst/g1859__6417     -              OAI2BB1XL  0.000   2.994    5.104  
      LIF_neuron_inst/g1859__6417     A1N ^ -> Y ^   OAI2BB1XL  0.260   3.254    5.364  
      LIF_neuron_inst/g1853__9315     -              NAND3BXL   0.000   3.254    5.364  
      LIF_neuron_inst/g1853__9315     AN ^ -> Y ^    NAND3BXL   0.221   3.475    5.585  
      LIF_neuron_inst/g1849__5115     -              NAND2BXL   0.000   3.475    5.585  
      LIF_neuron_inst/g1849__5115     AN ^ -> Y ^    NAND2BXL   0.297   3.772    5.882  
      LIF_neuron_inst/g1843__5122     -              AOI21XL    0.000   3.772    5.882  
      LIF_neuron_inst/g1843__5122     A0 ^ -> Y v    AOI21XL    0.152   3.924    6.034  
      LIF_neuron_inst/r_acc_V_reg[2]  -              DFFRX1     0.000   3.924    6.034  
      -----------------------------------------------------------------------------------
     Clock Rise Edge                      0.000
     = Beginpoint Arrival Time            0.000
     Other End Path:
      -------------------------------------------------------------------------------------------
      Instance                                    Arc           Cell    Retime  Arrival  Required  
                                                                        Delay   Time     Time  
      -------------------------------------------------------------------------------------------
      -                                           clk ^         -       -       0.000    -2.110  
      iopads_inst/pclck                           -             PDIDGZ  0.000   0.000    -2.110  
      iopads_inst/pclck                           PAD ^ -> C ^  PDIDGZ  0.938   0.938    -1.172  
      LIF_neuron_inst/RC_CG_HIER_INST1/g15__2398  -             AND2XL  -0.016  0.922    -1.188  
      LIF_neuron_inst/RC_CG_HIER_INST1/g15__2398  A ^ -> Y ^    AND2XL  0.329   1.252    -0.858  
      LIF_neuron_inst/r_acc_V_reg[2]              -             DFFRX1  0.000   1.252    -0.858  
      -------------------------------------------------------------------------------------------
Path 6: MET Setup Check with Pin LIF_neuron_inst/r_acc_V_reg[0]/CK 
Endpoint:   LIF_neuron_inst/r_acc_V_reg[0]/D (v) checked with  leading edge of 'clk'
Beginpoint: i_wspike[2]                      (^) triggered by  leading edge of 'clk'
Path Groups: {clk}
Analysis View: ana_1
Retime Analysis { Data Path-Slew }
Other End Arrival Time          1.252
- Setup                         0.214
+ Phase Shift                   5.000
= Required Time                 6.038
- Arrival Time                  3.910
= Slack Time                    2.127
= Slack Time(original)          2.096
     Clock Rise Edge                      0.000
     + Input Delay                        0.000
     = Beginpoint Arrival Time            0.000
     Timing Path:
      -----------------------------------------------------------------------------------
      Instance                        Arc            Cell       Retime  Arrival  Required  
                                                                Delay   Time     Time  
      -----------------------------------------------------------------------------------
      -                               i_wspike[2] ^  -          -       0.000    2.128  
      iopads_inst/pwspike2            -              PDIDGZ     0.000   0.000    2.128  
      iopads_inst/pwspike2            PAD ^ -> C ^   PDIDGZ     0.935   0.935    3.063  
      LIF_neuron_inst/g1904__5526     -              NOR2BXL    -0.015  0.920    3.048  
      LIF_neuron_inst/g1904__5526     AN ^ -> Y ^    NOR2BXL    0.299   1.219    3.346  
      LIF_neuron_inst/g1898__5107     -              NOR2XL     0.000   1.219    3.347  
      LIF_neuron_inst/g1898__5107     B ^ -> Y v     NOR2XL     0.155   1.374    3.501  
      LIF_neuron_inst/g1892__7410     -              NOR2XL     0.000   1.374    3.502  
      LIF_neuron_inst/g1892__7410     B v -> Y ^     NOR2XL     0.228   1.602    3.729  
      LIF_neuron_inst/g1886__9945     -              AOI32XL    0.000   1.602    3.729  
      LIF_neuron_inst/g1886__9945     B0 ^ -> Y v    AOI32XL    0.115   1.717    3.844  
      LIF_neuron_inst/g1884__6161     -              NOR2BXL    0.000   1.717    3.844  
      LIF_neuron_inst/g1884__6161     B v -> Y ^     NOR2BXL    0.395   2.112    4.240  
      LIF_neuron_inst/g1878__1881     -              NOR2XL     0.001   2.113    4.240  
      LIF_neuron_inst/g1878__1881     B ^ -> Y v     NOR2XL     0.228   2.341    4.469  
      LIF_neuron_inst/g1875           -              INVXL      0.000   2.341    4.469  
      LIF_neuron_inst/g1875           A v -> Y ^     INVXL      0.205   2.546    4.674  
      LIF_neuron_inst/g1870__2802     -              NOR2XL     0.000   2.546    4.674  
      LIF_neuron_inst/g1870__2802     A ^ -> Y v     NOR2XL     0.164   2.710    4.838  
      LIF_neuron_inst/g1865__8428     -              OAI21XL    0.000   2.710    4.838  
      LIF_neuron_inst/g1865__8428     A0 v -> Y ^    OAI21XL    0.283   2.994    5.121  
      LIF_neuron_inst/g1859__6417     -              OAI2BB1XL  0.000   2.994    5.122  
      LIF_neuron_inst/g1859__6417     A1N ^ -> Y ^   OAI2BB1XL  0.260   3.254    5.381  
      LIF_neuron_inst/g1853__9315     -              NAND3BXL   0.000   3.254    5.381  
      LIF_neuron_inst/g1853__9315     AN ^ -> Y ^    NAND3BXL   0.221   3.475    5.602  
      LIF_neuron_inst/g1849__5115     -              NAND2BXL   0.000   3.475    5.602  
      LIF_neuron_inst/g1849__5115     AN ^ -> Y ^    NAND2BXL   0.297   3.772    5.900  
      LIF_neuron_inst/g1844__8246     -              AOI21XL    0.000   3.773    5.900  
      LIF_neuron_inst/g1844__8246     A0 ^ -> Y v    AOI21XL    0.138   3.910    6.038  
      LIF_neuron_inst/r_acc_V_reg[0]  -              DFFRX1     0.000   3.910    6.038  
      -----------------------------------------------------------------------------------
     Clock Rise Edge                      0.000
     = Beginpoint Arrival Time            0.000
     Other End Path:
      -------------------------------------------------------------------------------------------
      Instance                                    Arc           Cell    Retime  Arrival  Required  
                                                                        Delay   Time     Time  
      -------------------------------------------------------------------------------------------
      -                                           clk ^         -       -       0.000    -2.127  
      iopads_inst/pclck                           -             PDIDGZ  0.000   0.000    -2.127  
      iopads_inst/pclck                           PAD ^ -> C ^  PDIDGZ  0.938   0.938    -1.189  
      LIF_neuron_inst/RC_CG_HIER_INST1/g15__2398  -             AND2XL  -0.016  0.922    -1.205  
      LIF_neuron_inst/RC_CG_HIER_INST1/g15__2398  A ^ -> Y ^    AND2XL  0.329   1.252    -0.876  
      LIF_neuron_inst/r_acc_V_reg[0]              -             DFFRX1  0.000   1.252    -0.875  
      -------------------------------------------------------------------------------------------
Path 7: MET Late External Delay Assertion 
Endpoint:   o_V[1]                           (^) checked with  leading edge of 'clk'
Beginpoint: LIF_neuron_inst/r_acc_V_reg[1]/Q (^) triggered by  leading edge of 'clk'
Path Groups: {clk}
Analysis View: ana_1
Retime Analysis { Data Path-Slew }
Other End Arrival Time          0.000
- External Delay                0.000
+ Phase Shift                   5.000
= Required Time                 5.000
- Arrival Time                  2.668
= Slack Time                    2.332
= Slack Time(original)          2.332
     Clock Rise Edge                      0.000
     + Source Insertion Delay            -1.862
     = Beginpoint Arrival Time           -1.862
      -----------------------------------------------------------------------------------------------------
      Instance                                    Arc           Cell              Retime  Arrival  Required  
                                                                                  Delay   Time     Time  
      -----------------------------------------------------------------------------------------------------
      -                                           clk ^         -                 -       -1.862   0.471  
      iopads_inst/pclck                           -             PDIDGZ            0.000   -1.862   0.471  
      iopads_inst/pclck                           PAD ^ -> C ^  PDIDGZ            0.938   -0.924   1.409  
      LIF_neuron_inst/RC_CG_HIER_INST1/g15__2398  -             AND2XL            -0.016  -0.939   1.393  
      LIF_neuron_inst/RC_CG_HIER_INST1/g15__2398  A ^ -> Y ^    AND2XL            0.329   -0.610   1.722  
      LIF_neuron_inst/r_acc_V_reg[1]              -             DFFRX1            0.000   -0.610   1.723  
      LIF_neuron_inst/r_acc_V_reg[1]              CK ^ -> Q ^   DFFRX1            0.759   0.150    2.482  
      LIF_neuron_inst/FE_OFC0_vO_1                -             BUFX3             0.000   0.150    2.482  
      LIF_neuron_inst/FE_OFC0_vO_1                A ^ -> Y ^    BUFX3             0.326   0.476    2.808  
      iopads_inst/pv1                             -             PDO04CDG          0.312   0.787    3.120  
      iopads_inst/pv1                             I ^ -> PAD ^  PDO04CDG          1.880   2.668    5.000  
      -                                           -             LIF_neuron_m_top  0.000   2.668    5.000  
      -----------------------------------------------------------------------------------------------------
Path 8: MET Late External Delay Assertion 
Endpoint:   o_V[0]                           (^) checked with  leading edge of 'clk'
Beginpoint: LIF_neuron_inst/r_acc_V_reg[0]/Q (^) triggered by  leading edge of 'clk'
Path Groups: {clk}
Analysis View: ana_1
Retime Analysis { Data Path-Slew }
Other End Arrival Time          0.000
- External Delay                0.000
+ Phase Shift                   5.000
= Required Time                 5.000
- Arrival Time                  2.659
= Slack Time                    2.341
= Slack Time(original)          2.341
     Clock Rise Edge                      0.000
     + Source Insertion Delay            -1.862
     = Beginpoint Arrival Time           -1.862
      -----------------------------------------------------------------------------------------------------
      Instance                                    Arc           Cell              Retime  Arrival  Required  
                                                                                  Delay   Time     Time  
      -----------------------------------------------------------------------------------------------------
      -                                           clk ^         -                 -       -1.862   0.479  
      iopads_inst/pclck                           -             PDIDGZ            0.000   -1.862   0.479  
      iopads_inst/pclck                           PAD ^ -> C ^  PDIDGZ            0.938   -0.924   1.417  
      LIF_neuron_inst/RC_CG_HIER_INST1/g15__2398  -             AND2XL            -0.016  -0.939   1.401  
      LIF_neuron_inst/RC_CG_HIER_INST1/g15__2398  A ^ -> Y ^    AND2XL            0.329   -0.610   1.731  
      LIF_neuron_inst/r_acc_V_reg[0]              -             DFFRX1            0.000   -0.610   1.731  
      LIF_neuron_inst/r_acc_V_reg[0]              CK ^ -> Q ^   DFFRX1            0.809   0.199    2.540  
      iopads_inst/FE_OFC2_vO_0                    -             BUFX3             0.000   0.200    2.540  
      iopads_inst/FE_OFC2_vO_0                    A ^ -> Y ^    BUFX3             0.320   0.519    2.860  
      iopads_inst/pv0                             -             PDO04CDG          0.280   0.799    3.140  
      iopads_inst/pv0                             I ^ -> PAD ^  PDO04CDG          1.860   2.659    5.000  
      -                                           -             LIF_neuron_m_top  0.000   2.659    5.000  
      -----------------------------------------------------------------------------------------------------
Path 9: MET Late External Delay Assertion 
Endpoint:   o_V[3]                           (^) checked with  leading edge of 'clk'
Beginpoint: LIF_neuron_inst/r_acc_V_reg[3]/Q (^) triggered by  leading edge of 'clk'
Path Groups: {clk}
Analysis View: ana_1
Retime Analysis { Data Path-Slew }
Other End Arrival Time          0.000
- External Delay                0.000
+ Phase Shift                   5.000
= Required Time                 5.000
- Arrival Time                  2.652
= Slack Time                    2.348
= Slack Time(original)          2.348
     Clock Rise Edge                      0.000
     + Source Insertion Delay            -1.862
     = Beginpoint Arrival Time           -1.862
      -----------------------------------------------------------------------------------------------------
      Instance                                    Arc           Cell              Retime  Arrival  Required  
                                                                                  Delay   Time     Time  
      -----------------------------------------------------------------------------------------------------
      -                                           clk ^         -                 -       -1.862   0.486  
      iopads_inst/pclck                           -             PDIDGZ            0.000   -1.862   0.486  
      iopads_inst/pclck                           PAD ^ -> C ^  PDIDGZ            0.938   -0.924   1.424  
      LIF_neuron_inst/RC_CG_HIER_INST1/g15__2398  -             AND2XL            -0.016  -0.939   1.408  
      LIF_neuron_inst/RC_CG_HIER_INST1/g15__2398  A ^ -> Y ^    AND2XL            0.329   -0.610   1.738  
      LIF_neuron_inst/r_acc_V_reg[3]              -             DFFRX1            0.000   -0.610   1.738  
      LIF_neuron_inst/r_acc_V_reg[3]              CK ^ -> Q ^   DFFRX1            0.755   0.145    2.493  
      LIF_neuron_inst/FE_OFC3_vO_3                -             BUFX3             0.000   0.145    2.493  
      LIF_neuron_inst/FE_OFC3_vO_3                A ^ -> Y ^    BUFX3             0.326   0.471    2.819  
      iopads_inst/pv3                             -             PDO04CDG          0.296   0.768    3.115  
      iopads_inst/pv3                             I ^ -> PAD ^  PDO04CDG          1.885   2.652    5.000  
      -                                           -             LIF_neuron_m_top  0.000   2.652    5.000  
      -----------------------------------------------------------------------------------------------------
Path 10: MET Late External Delay Assertion 
Endpoint:   o_V[2]                           (^) checked with  leading edge of 'clk'
Beginpoint: LIF_neuron_inst/r_acc_V_reg[2]/Q (^) triggered by  leading edge of 'clk'
Path Groups: {clk}
Analysis View: ana_1
Retime Analysis { Data Path-Slew }
Other End Arrival Time          0.000
- External Delay                0.000
+ Phase Shift                   5.000
= Required Time                 5.000
- Arrival Time                  2.647
= Slack Time                    2.353
= Slack Time(original)          2.353
     Clock Rise Edge                      0.000
     + Source Insertion Delay            -1.862
     = Beginpoint Arrival Time           -1.862
      -----------------------------------------------------------------------------------------------------
      Instance                                    Arc           Cell              Retime  Arrival  Required  
                                                                                  Delay   Time     Time  
      -----------------------------------------------------------------------------------------------------
      -                                           clk ^         -                 -       -1.862   0.492  
      iopads_inst/pclck                           -             PDIDGZ            0.000   -1.862   0.492  
      iopads_inst/pclck                           PAD ^ -> C ^  PDIDGZ            0.938   -0.924   1.430  
      LIF_neuron_inst/RC_CG_HIER_INST1/g15__2398  -             AND2XL            -0.016  -0.939   1.414  
      LIF_neuron_inst/RC_CG_HIER_INST1/g15__2398  A ^ -> Y ^    AND2XL            0.329   -0.610   1.743  
      LIF_neuron_inst/r_acc_V_reg[2]              -             DFFRX1            0.000   -0.610   1.744  
      LIF_neuron_inst/r_acc_V_reg[2]              CK ^ -> Q ^   DFFRX1            0.786   0.176    2.530  
      LIF_neuron_inst/FE_OFC1_vO_2                -             BUFX3             0.000   0.176    2.530  
      LIF_neuron_inst/FE_OFC1_vO_2                A ^ -> Y ^    BUFX3             0.316   0.493    2.846  
      iopads_inst/pv2                             -             PDO04CDG          0.283   0.775    3.129  
      iopads_inst/pv2                             I ^ -> PAD ^  PDO04CDG          1.871   2.647    5.000  
      -                                           -             LIF_neuron_m_top  0.000   2.647    5.000  
      -----------------------------------------------------------------------------------------------------
Path 11: MET Setup Check with Pin LIF_neuron_inst/r_acc_V_reg[4]/CK 
Endpoint:   LIF_neuron_inst/r_acc_V_reg[4]/D (v) checked with  leading edge of 'clk'
Beginpoint: i_wspike[2]                      (^) triggered by  leading edge of 'clk'
Path Groups: {clk}
Analysis View: ana_1
Retime Analysis { Data Path-Slew }
Other End Arrival Time          1.252
- Setup                         0.213
+ Phase Shift                   5.000
= Required Time                 6.039
- Arrival Time                  3.599
= Slack Time                    2.440
= Slack Time(original)          2.405
     Clock Rise Edge                      0.000
     + Input Delay                        0.000
     = Beginpoint Arrival Time            0.000
     Timing Path:
      -----------------------------------------------------------------------------------
      Instance                        Arc            Cell       Retime  Arrival  Required  
                                                                Delay   Time     Time  
      -----------------------------------------------------------------------------------
      -                               i_wspike[2] ^  -          -       0.000    2.440  
      iopads_inst/pwspike2            -              PDIDGZ     0.000   0.000    2.440  
      iopads_inst/pwspike2            PAD ^ -> C ^   PDIDGZ     0.935   0.935    3.375  
      LIF_neuron_inst/g1904__5526     -              NOR2BXL    -0.015  0.920    3.360  
      LIF_neuron_inst/g1904__5526     AN ^ -> Y ^    NOR2BXL    0.299   1.219    3.659  
      LIF_neuron_inst/g1898__5107     -              NOR2XL     0.000   1.219    3.659  
      LIF_neuron_inst/g1898__5107     B ^ -> Y v     NOR2XL     0.155   1.374    3.813  
      LIF_neuron_inst/g1892__7410     -              NOR2XL     0.000   1.374    3.814  
      LIF_neuron_inst/g1892__7410     B v -> Y ^     NOR2XL     0.228   1.602    4.041  
      LIF_neuron_inst/g1886__9945     -              AOI32XL    0.000   1.602    4.041  
      LIF_neuron_inst/g1886__9945     B0 ^ -> Y v    AOI32XL    0.115   1.717    4.157  
      LIF_neuron_inst/g1884__6161     -              NOR2BXL    0.000   1.717    4.157  
      LIF_neuron_inst/g1884__6161     B v -> Y ^     NOR2BXL    0.395   2.112    4.552  
      LIF_neuron_inst/g1878__1881     -              NOR2XL     0.001   2.113    4.552  
      LIF_neuron_inst/g1878__1881     B ^ -> Y v     NOR2XL     0.228   2.341    4.781  
      LIF_neuron_inst/g1875           -              INVXL      0.000   2.341    4.781  
      LIF_neuron_inst/g1875           A v -> Y ^     INVXL      0.205   2.546    4.986  
      LIF_neuron_inst/g1870__2802     -              NOR2XL     0.000   2.546    4.986  
      LIF_neuron_inst/g1870__2802     A ^ -> Y v     NOR2XL     0.164   2.710    5.150  
      LIF_neuron_inst/g1865__8428     -              OAI21XL    0.000   2.711    5.150  
      LIF_neuron_inst/g1865__8428     A0 v -> Y ^    OAI21XL    0.283   2.994    5.433  
      LIF_neuron_inst/g1859__6417     -              OAI2BB1XL  0.000   2.994    5.434  
      LIF_neuron_inst/g1859__6417     A1N ^ -> Y ^   OAI2BB1XL  0.260   3.254    5.693  
      LIF_neuron_inst/g1853__9315     -              NAND3BXL   0.000   3.254    5.693  
      LIF_neuron_inst/g1853__9315     AN ^ -> Y ^    NAND3BXL   0.221   3.475    5.914  
      LIF_neuron_inst/g1847__6131     -              AOI21XL    0.000   3.475    5.914  
      LIF_neuron_inst/g1847__6131     A0 ^ -> Y v    AOI21XL    0.124   3.599    6.039  
      LIF_neuron_inst/r_acc_V_reg[4]  -              DFFRX1     0.000   3.599    6.039  
      -----------------------------------------------------------------------------------
     Clock Rise Edge                      0.000
     = Beginpoint Arrival Time            0.000
     Other End Path:
      -------------------------------------------------------------------------------------------
      Instance                                    Arc           Cell    Retime  Arrival  Required  
                                                                        Delay   Time     Time  
      -------------------------------------------------------------------------------------------
      -                                           clk ^         -       -       0.000    -2.440  
      iopads_inst/pclck                           -             PDIDGZ  0.000   0.000    -2.440  
      iopads_inst/pclck                           PAD ^ -> C ^  PDIDGZ  0.938   0.938    -1.501  
      LIF_neuron_inst/RC_CG_HIER_INST1/g15__2398  -             AND2XL  -0.016  0.922    -1.517  
      LIF_neuron_inst/RC_CG_HIER_INST1/g15__2398  A ^ -> Y ^    AND2XL  0.329   1.252    -1.188  
      LIF_neuron_inst/r_acc_V_reg[4]              -             DFFRX1  0.000   1.252    -1.187  
      -------------------------------------------------------------------------------------------
Path 12: MET Late External Delay Assertion 
Endpoint:   o_V[4]                           (^) checked with  leading edge of 'clk'
Beginpoint: LIF_neuron_inst/r_acc_V_reg[4]/Q (^) triggered by  leading edge of 'clk'
Path Groups: {clk}
Analysis View: ana_1
Retime Analysis { Data Path-Slew }
Other End Arrival Time          0.000
- External Delay                0.000
+ Phase Shift                   5.000
= Required Time                 5.000
- Arrival Time                  2.563
= Slack Time                    2.436
= Slack Time(original)          2.436
     Clock Rise Edge                      0.000
     + Source Insertion Delay            -1.862
     = Beginpoint Arrival Time           -1.862
      -----------------------------------------------------------------------------------------------------
      Instance                                    Arc           Cell              Retime  Arrival  Required  
                                                                                  Delay   Time     Time  
      -----------------------------------------------------------------------------------------------------
      -                                           clk ^         -                 -       -1.862   0.575  
      iopads_inst/pclck                           -             PDIDGZ            0.000   -1.862   0.575  
      iopads_inst/pclck                           PAD ^ -> C ^  PDIDGZ            0.938   -0.924   1.513  
      LIF_neuron_inst/RC_CG_HIER_INST1/g15__2398  -             AND2XL            -0.016  -0.939   1.497  
      LIF_neuron_inst/RC_CG_HIER_INST1/g15__2398  A ^ -> Y ^    AND2XL            0.329   -0.610   1.827  
      LIF_neuron_inst/r_acc_V_reg[4]              -             DFFRX1            0.000   -0.610   1.827  
      LIF_neuron_inst/r_acc_V_reg[4]              CK ^ -> Q ^   DFFRX1            0.759   0.150    2.586  
      LIF_neuron_inst/FE_OFC4_vO_4                -             BUFX3             0.000   0.150    2.586  
      LIF_neuron_inst/FE_OFC4_vO_4                A ^ -> Y ^    BUFX3             0.301   0.450    2.887  
      iopads_inst/pv4                             -             PDO04CDG          0.262   0.712    3.149  
      iopads_inst/pv4                             I ^ -> PAD ^  PDO04CDG          1.851   2.563    5.000  
      -                                           -             LIF_neuron_m_top  0.000   2.563    5.000  
      -----------------------------------------------------------------------------------------------------
Path 13: MET Late External Delay Assertion 
Endpoint:   o_spike                       (^) checked with  leading edge of 'clk'
Beginpoint: LIF_neuron_inst/r_spike_reg/Q (^) triggered by  leading edge of 'clk'
Path Groups: {clk}
Analysis View: ana_1
Retime Analysis { Data Path-Slew }
Other End Arrival Time          0.000
- External Delay                0.000
+ Phase Shift                   5.000
= Required Time                 5.000
- Arrival Time                  2.274
= Slack Time                    2.726
= Slack Time(original)          2.725
     Clock Rise Edge                      0.000
     + Source Insertion Delay            -1.862
     = Beginpoint Arrival Time           -1.862
      -----------------------------------------------------------------------------------------
      Instance                        Arc           Cell              Retime  Arrival  Required  
                                                                      Delay   Time     Time  
      -----------------------------------------------------------------------------------------
      -                               clk ^         -                 -       -1.862   0.864  
      iopads_inst/pclck               -             PDIDGZ            0.000   -1.862   0.864  
      iopads_inst/pclck               PAD ^ -> C ^  PDIDGZ            0.938   -0.924   1.802  
      LIF_neuron_inst/r_spike_reg     -             DFFRX1            -0.016  -0.939   1.786  
      LIF_neuron_inst/r_spike_reg     CK ^ -> Q ^   DFFRX1            0.776   -0.163   2.562  
      LIF_neuron_inst/FE_OFC5_spikeO  -             BUFX3             0.000   -0.163   2.562  
      LIF_neuron_inst/FE_OFC5_spikeO  A ^ -> Y ^    BUFX3             0.324   0.161    2.887  
      iopads_inst/pspike              -             PDO04CDG          0.262   0.423    3.148  
      iopads_inst/pspike              I ^ -> PAD ^  PDO04CDG          1.852   2.274    5.000  
      -                               -             LIF_neuron_m_top  0.000   2.274    5.000  
      -----------------------------------------------------------------------------------------
Path 14: MET Clock Gating Setup Check with Pin LIF_neuron_inst/RC_CG_HIER_INST2/g15__6260/A 
Endpoint:   LIF_neuron_inst/RC_CG_HIER_INST2/g15__6260/B (v) checked with  leading edge of 'clk'
Beginpoint: LIF_neuron_inst/RC_CG_HIER_INST2/enl_reg/Q   (v) triggered by trailing edge of 'clk'
Path Groups: {clock_gating_default}
Analysis View: ana_1
Retime Analysis { Data Path-Slew }
Other End Arrival Time          0.922
- Clock Gating Setup            0.000
+ Phase Shift                   5.000
= Required Time                 5.922
- Arrival Time                  1.961
= Slack Time                    3.960
= Slack Time(original)          3.960
     Clock Fall Edge                      2.500
     + Source Insertion Delay            -1.440
     = Beginpoint Arrival Time            1.060
     Timing Path:
      --------------------------------------------------------------------------------------------
      Instance                                    Arc           Cell     Retime  Arrival  Required  
                                                                         Delay   Time     Time  
      --------------------------------------------------------------------------------------------
      -                                           clk v         -        -       1.060    5.020  
      iopads_inst/pclck                           -             PDIDGZ   0.000   1.060    5.020  
      iopads_inst/pclck                           PAD v -> C v  PDIDGZ   0.461   1.521    5.482  
      LIF_neuron_inst/RC_CG_HIER_INST2/enl_reg    -             TLATNXL  0.019   1.540    5.501  
      LIF_neuron_inst/RC_CG_HIER_INST2/enl_reg    GN v -> Q v   TLATNXL  0.421   1.961    5.922  
      LIF_neuron_inst/RC_CG_HIER_INST2/g15__6260  -             AND2XL   0.000   1.961    5.922  
      --------------------------------------------------------------------------------------------
     Clock Rise Edge                      0.000
     = Beginpoint Arrival Time            0.000
     Other End Path:
      -------------------------------------------------------------------------------------------
      Instance                                    Arc           Cell    Retime  Arrival  Required  
                                                                        Delay   Time     Time  
      -------------------------------------------------------------------------------------------
      -                                           clk ^         -       -       0.000    -3.960  
      iopads_inst/pclck                           -             PDIDGZ  0.000   0.000    -3.960  
      iopads_inst/pclck                           PAD ^ -> C ^  PDIDGZ  0.938   0.938    -3.022  
      LIF_neuron_inst/RC_CG_HIER_INST2/g15__6260  -             AND2XL  -0.016  0.922    -3.039  
      -------------------------------------------------------------------------------------------
Path 15: MET Clock Gating Setup Check with Pin LIF_neuron_inst/RC_CG_HIER_INST1/g15__2398/A 
Endpoint:   LIF_neuron_inst/RC_CG_HIER_INST1/g15__2398/B (v) checked with  leading edge of 'clk'
Beginpoint: LIF_neuron_inst/RC_CG_HIER_INST1/enl_reg/Q   (v) triggered by trailing edge of 'clk'
Path Groups: {clock_gating_default}
Analysis View: ana_1
Retime Analysis { Data Path-Slew }
Other End Arrival Time          0.922
- Clock Gating Setup            0.000
+ Phase Shift                   5.000
= Required Time                 5.922
- Arrival Time                  1.949
= Slack Time                    3.973
= Slack Time(original)          3.973
     Clock Fall Edge                      2.500
     + Source Insertion Delay            -1.440
     = Beginpoint Arrival Time            1.060
     Timing Path:
      --------------------------------------------------------------------------------------------
      Instance                                    Arc           Cell     Retime  Arrival  Required  
                                                                         Delay   Time     Time  
      --------------------------------------------------------------------------------------------
      -                                           clk v         -        -       1.060    5.033  
      iopads_inst/pclck                           -             PDIDGZ   0.000   1.060    5.033  
      iopads_inst/pclck                           PAD v -> C v  PDIDGZ   0.461   1.521    5.495  
      LIF_neuron_inst/RC_CG_HIER_INST1/enl_reg    -             TLATNXL  0.019   1.541    5.514  
      LIF_neuron_inst/RC_CG_HIER_INST1/enl_reg    GN v -> Q v   TLATNXL  0.408   1.949    5.922  
      LIF_neuron_inst/RC_CG_HIER_INST1/g15__2398  -             AND2XL   0.000   1.949    5.922  
      --------------------------------------------------------------------------------------------
     Clock Rise Edge                      0.000
     = Beginpoint Arrival Time            0.000
     Other End Path:
      -------------------------------------------------------------------------------------------
      Instance                                    Arc           Cell    Retime  Arrival  Required  
                                                                        Delay   Time     Time  
      -------------------------------------------------------------------------------------------
      -                                           clk ^         -       -       0.000    -3.973  
      iopads_inst/pclck                           -             PDIDGZ  0.000   0.000    -3.973  
      iopads_inst/pclck                           PAD ^ -> C ^  PDIDGZ  0.938   0.938    -3.035  
      LIF_neuron_inst/RC_CG_HIER_INST1/g15__2398  -             AND2XL  -0.016  0.922    -3.051  
      -------------------------------------------------------------------------------------------
Path 16: MET Recovery Check with Pin LIF_neuron_inst/r_spike_reg/CK 
Endpoint:   LIF_neuron_inst/r_spike_reg/RN (^) checked with  leading edge of 'clk'
Beginpoint: rst_n                          (^) triggered by  leading edge of 'clk'
Path Groups: {async_default}
Analysis View: ana_1
Retime Analysis { Data Path-Slew }
Other End Arrival Time          0.922
- Recovery                      0.106
+ Phase Shift                   5.000
= Required Time                 5.816
- Arrival Time                  0.929
= Slack Time                    4.887
= Slack Time(original)          4.887
     Clock Rise Edge                      0.000
     = Beginpoint Arrival Time            0.000
     Timing Path:
      ----------------------------------------------------------------------------
      Instance                     Arc           Cell    Retime  Arrival  Required  
                                                         Delay   Time     Time  
      ----------------------------------------------------------------------------
      -                            rst_n ^       -       -       0.000    4.887  
      iopads_inst/prst_n           -             PDIDGZ  0.000   0.000    4.887  
      iopads_inst/prst_n           PAD ^ -> C ^  PDIDGZ  0.944   0.944    5.832  
      LIF_neuron_inst/r_spike_reg  -             DFFRX1  -0.015  0.929    5.816  
      ----------------------------------------------------------------------------
     Clock Rise Edge                      0.000
     = Beginpoint Arrival Time            0.000
     Other End Path:
      ----------------------------------------------------------------------------
      Instance                     Arc           Cell    Retime  Arrival  Required  
                                                         Delay   Time     Time  
      ----------------------------------------------------------------------------
      -                            clk ^         -       -       0.000    -4.887  
      iopads_inst/pclck            -             PDIDGZ  0.000   0.000    -4.887  
      iopads_inst/pclck            PAD ^ -> C ^  PDIDGZ  0.938   0.938    -3.949  
      LIF_neuron_inst/r_spike_reg  -             DFFRX1  -0.016  0.922    -3.965  
      ----------------------------------------------------------------------------
Path 17: MET Recovery Check with Pin LIF_neuron_inst/r_leak_en_reg/CK 
Endpoint:   LIF_neuron_inst/r_leak_en_reg/RN (^) checked with  leading edge of 'clk'
Beginpoint: rst_n                            (^) triggered by  leading edge of 'clk'
Path Groups: {async_default}
Analysis View: ana_1
Retime Analysis { Data Path-Slew }
Other End Arrival Time          0.922
- Recovery                      0.106
+ Phase Shift                   5.000
= Required Time                 5.816
- Arrival Time                  0.929
= Slack Time                    4.887
= Slack Time(original)          4.888
     Clock Rise Edge                      0.000
     = Beginpoint Arrival Time            0.000
     Timing Path:
      ------------------------------------------------------------------------------
      Instance                       Arc           Cell    Retime  Arrival  Required  
                                                           Delay   Time     Time  
      ------------------------------------------------------------------------------
      -                              rst_n ^       -       -       0.000    4.887  
      iopads_inst/prst_n             -             PDIDGZ  0.000   0.000    4.887  
      iopads_inst/prst_n             PAD ^ -> C ^  PDIDGZ  0.944   0.944    5.832  
      LIF_neuron_inst/r_leak_en_reg  -             DFFRX1  -0.015  0.929    5.816  
      ------------------------------------------------------------------------------
     Clock Rise Edge                      0.000
     = Beginpoint Arrival Time            0.000
     Other End Path:
      ------------------------------------------------------------------------------
      Instance                       Arc           Cell    Retime  Arrival  Required  
                                                           Delay   Time     Time  
      ------------------------------------------------------------------------------
      -                              clk ^         -       -       0.000    -4.887  
      iopads_inst/pclck              -             PDIDGZ  0.000   0.000    -4.887  
      iopads_inst/pclck              PAD ^ -> C ^  PDIDGZ  0.938   0.938    -3.949  
      LIF_neuron_inst/r_leak_en_reg  -             DFFRX1  -0.016  0.922    -3.965  
      ------------------------------------------------------------------------------
Path 18: MET Setup Check with Pin LIF_neuron_inst/r_spike_reg/CK 
Endpoint:   LIF_neuron_inst/r_spike_reg/D    (^) checked with  leading edge of 'clk'
Beginpoint: LIF_neuron_inst/r_acc_V_reg[1]/Q (^) triggered by  leading edge of 'clk'
Path Groups: {clk}
Analysis View: ana_1
Retime Analysis { Data Path-Slew }
Other End Arrival Time          0.922
- Setup                         0.146
+ Phase Shift                   5.000
= Required Time                 5.776
- Arrival Time                  0.858
= Slack Time                    4.919
= Slack Time(original)          4.916
     Clock Rise Edge                      0.000
     + Source Insertion Delay            -1.862
     = Beginpoint Arrival Time           -1.862
     Timing Path:
      --------------------------------------------------------------------------------------------
      Instance                                    Arc           Cell     Retime  Arrival  Required  
                                                                         Delay   Time     Time  
      --------------------------------------------------------------------------------------------
      -                                           clk ^         -        -       -1.862   3.057  
      iopads_inst/pclck                           -             PDIDGZ   0.000   -1.862   3.057  
      iopads_inst/pclck                           PAD ^ -> C ^  PDIDGZ   0.938   -0.924   3.995  
      LIF_neuron_inst/RC_CG_HIER_INST1/g15__2398  -             AND2XL   -0.016  -0.939   3.979  
      LIF_neuron_inst/RC_CG_HIER_INST1/g15__2398  A ^ -> Y ^    AND2XL   0.329   -0.610   4.309  
      LIF_neuron_inst/r_acc_V_reg[1]              -             DFFRX1   0.000   -0.610   4.309  
      LIF_neuron_inst/r_acc_V_reg[1]              CK ^ -> Q ^   DFFRX1   0.759   0.150    5.068  
      LIF_neuron_inst/FE_OFC0_vO_1                -             BUFX3    0.000   0.150    5.068  
      LIF_neuron_inst/FE_OFC0_vO_1                A ^ -> Y ^    BUFX3    0.326   0.476    5.394  
      LIF_neuron_inst/g1896__5477                 -             OAI21XL  0.001   0.477    5.396  
      LIF_neuron_inst/g1896__5477                 A1 ^ -> Y v   OAI21XL  0.158   0.635    5.553  
      LIF_neuron_inst/g1889__2883                 -             AOI21XL  0.000   0.635    5.554  
      LIF_neuron_inst/g1889__2883                 A1 v -> Y ^   AOI21XL  0.223   0.857    5.776  
      LIF_neuron_inst/r_spike_reg                 -             DFFRX1   0.000   0.858    5.776  
      --------------------------------------------------------------------------------------------
     Clock Rise Edge                      0.000
     = Beginpoint Arrival Time            0.000
     Other End Path:
      ----------------------------------------------------------------------------
      Instance                     Arc           Cell    Retime  Arrival  Required  
                                                         Delay   Time     Time  
      ----------------------------------------------------------------------------
      -                            clk ^         -       -       0.000    -4.919  
      iopads_inst/pclck            -             PDIDGZ  0.000   0.000    -4.919  
      iopads_inst/pclck            PAD ^ -> C ^  PDIDGZ  0.938   0.938    -3.981  
      LIF_neuron_inst/r_spike_reg  -             DFFRX1  -0.016  0.922    -3.997  
      ----------------------------------------------------------------------------
Path 19: MET Recovery Check with Pin LIF_neuron_inst/r_refrac_reg[2]/CK 
Endpoint:   LIF_neuron_inst/r_refrac_reg[2]/RN (^) checked with  leading edge of 'clk'
Beginpoint: rst_n                              (^) triggered by  leading edge of 'clk'
Path Groups: {async_default}
Analysis View: ana_1
Retime Analysis { Data Path-Slew }
Other End Arrival Time          1.166
- Recovery                      0.086
+ Phase Shift                   5.000
= Required Time                 6.080
- Arrival Time                  0.928
= Slack Time                    5.152
= Slack Time(original)          5.152
     Clock Rise Edge                      0.000
     = Beginpoint Arrival Time            0.000
     Timing Path:
      --------------------------------------------------------------------------------
      Instance                         Arc           Cell    Retime  Arrival  Required  
                                                             Delay   Time     Time  
      --------------------------------------------------------------------------------
      -                                rst_n ^       -       -       0.000    5.152  
      iopads_inst/prst_n               -             PDIDGZ  0.000   0.000    5.152  
      iopads_inst/prst_n               PAD ^ -> C ^  PDIDGZ  0.944   0.944    6.096  
      LIF_neuron_inst/r_refrac_reg[2]  -             DFFRX1  -0.016  0.928    6.080  
      --------------------------------------------------------------------------------
     Clock Rise Edge                      0.000
     = Beginpoint Arrival Time            0.000
     Other End Path:
      -------------------------------------------------------------------------------------------
      Instance                                    Arc           Cell    Retime  Arrival  Required  
                                                                        Delay   Time     Time  
      -------------------------------------------------------------------------------------------
      -                                           clk ^         -       -       0.000    -5.152  
      iopads_inst/pclck                           -             PDIDGZ  0.000   0.000    -5.152  
      iopads_inst/pclck                           PAD ^ -> C ^  PDIDGZ  0.938   0.938    -4.214  
      LIF_neuron_inst/RC_CG_HIER_INST2/g15__6260  -             AND2XL  -0.016  0.922    -4.230  
      LIF_neuron_inst/RC_CG_HIER_INST2/g15__6260  A ^ -> Y ^    AND2XL  0.244   1.166    -3.986  
      LIF_neuron_inst/r_refrac_reg[2]             -             DFFRX1  0.000   1.166    -3.986  
      -------------------------------------------------------------------------------------------
Path 20: MET Recovery Check with Pin LIF_neuron_inst/r_refrac_reg[1]/CK 
Endpoint:   LIF_neuron_inst/r_refrac_reg[1]/RN (^) checked with  leading edge of 'clk'
Beginpoint: rst_n                              (^) triggered by  leading edge of 'clk'
Path Groups: {async_default}
Analysis View: ana_1
Retime Analysis { Data Path-Slew }
Other End Arrival Time          1.166
- Recovery                      0.086
+ Phase Shift                   5.000
= Required Time                 6.080
- Arrival Time                  0.928
= Slack Time                    5.152
= Slack Time(original)          5.152
     Clock Rise Edge                      0.000
     = Beginpoint Arrival Time            0.000
     Timing Path:
      --------------------------------------------------------------------------------
      Instance                         Arc           Cell    Retime  Arrival  Required  
                                                             Delay   Time     Time  
      --------------------------------------------------------------------------------
      -                                rst_n ^       -       -       0.000    5.152  
      iopads_inst/prst_n               -             PDIDGZ  0.000   0.000    5.152  
      iopads_inst/prst_n               PAD ^ -> C ^  PDIDGZ  0.944   0.944    6.096  
      LIF_neuron_inst/r_refrac_reg[1]  -             DFFRX1  -0.016  0.928    6.080  
      --------------------------------------------------------------------------------
     Clock Rise Edge                      0.000
     = Beginpoint Arrival Time            0.000
     Other End Path:
      -------------------------------------------------------------------------------------------
      Instance                                    Arc           Cell    Retime  Arrival  Required  
                                                                        Delay   Time     Time  
      -------------------------------------------------------------------------------------------
      -                                           clk ^         -       -       0.000    -5.152  
      iopads_inst/pclck                           -             PDIDGZ  0.000   0.000    -5.152  
      iopads_inst/pclck                           PAD ^ -> C ^  PDIDGZ  0.938   0.938    -4.214  
      LIF_neuron_inst/RC_CG_HIER_INST2/g15__6260  -             AND2XL  -0.016  0.922    -4.230  
      LIF_neuron_inst/RC_CG_HIER_INST2/g15__6260  A ^ -> Y ^    AND2XL  0.244   1.166    -3.986  
      LIF_neuron_inst/r_refrac_reg[1]             -             DFFRX1  0.000   1.166    -3.986  
      -------------------------------------------------------------------------------------------
Path 21: MET Recovery Check with Pin LIF_neuron_inst/r_refrac_reg[0]/CK 
Endpoint:   LIF_neuron_inst/r_refrac_reg[0]/RN (^) checked with  leading edge of 'clk'
Beginpoint: rst_n                              (^) triggered by  leading edge of 'clk'
Path Groups: {async_default}
Analysis View: ana_1
Retime Analysis { Data Path-Slew }
Other End Arrival Time          1.166
- Recovery                      0.086
+ Phase Shift                   5.000
= Required Time                 6.080
- Arrival Time                  0.928
= Slack Time                    5.152
= Slack Time(original)          5.152
     Clock Rise Edge                      0.000
     = Beginpoint Arrival Time            0.000
     Timing Path:
      --------------------------------------------------------------------------------
      Instance                         Arc           Cell    Retime  Arrival  Required  
                                                             Delay   Time     Time  
      --------------------------------------------------------------------------------
      -                                rst_n ^       -       -       0.000    5.152  
      iopads_inst/prst_n               -             PDIDGZ  0.000   0.000    5.152  
      iopads_inst/prst_n               PAD ^ -> C ^  PDIDGZ  0.944   0.944    6.096  
      LIF_neuron_inst/r_refrac_reg[0]  -             DFFRX1  -0.016  0.928    6.080  
      --------------------------------------------------------------------------------
     Clock Rise Edge                      0.000
     = Beginpoint Arrival Time            0.000
     Other End Path:
      -------------------------------------------------------------------------------------------
      Instance                                    Arc           Cell    Retime  Arrival  Required  
                                                                        Delay   Time     Time  
      -------------------------------------------------------------------------------------------
      -                                           clk ^         -       -       0.000    -5.152  
      iopads_inst/pclck                           -             PDIDGZ  0.000   0.000    -5.152  
      iopads_inst/pclck                           PAD ^ -> C ^  PDIDGZ  0.938   0.938    -4.214  
      LIF_neuron_inst/RC_CG_HIER_INST2/g15__6260  -             AND2XL  -0.016  0.922    -4.230  
      LIF_neuron_inst/RC_CG_HIER_INST2/g15__6260  A ^ -> Y ^    AND2XL  0.244   1.166    -3.986  
      LIF_neuron_inst/r_refrac_reg[0]             -             DFFRX1  0.000   1.166    -3.986  
      -------------------------------------------------------------------------------------------
Path 22: MET Recovery Check with Pin LIF_neuron_inst/r_acc_V_reg[2]/CK 
Endpoint:   LIF_neuron_inst/r_acc_V_reg[2]/RN (^) checked with  leading edge of 'clk'
Beginpoint: rst_n                             (^) triggered by  leading edge of 'clk'
Path Groups: {async_default}
Analysis View: ana_1
Retime Analysis { Data Path-Slew }
Other End Arrival Time          1.252
- Recovery                      0.070
+ Phase Shift                   5.000
= Required Time                 6.182
- Arrival Time                  0.929
= Slack Time                    5.253
= Slack Time(original)          5.253
     Clock Rise Edge                      0.000
     = Beginpoint Arrival Time            0.000
     Timing Path:
      -------------------------------------------------------------------------------
      Instance                        Arc           Cell    Retime  Arrival  Required  
                                                            Delay   Time     Time  
      -------------------------------------------------------------------------------
      -                               rst_n ^       -       -       0.000    5.253  
      iopads_inst/prst_n              -             PDIDGZ  0.000   0.000    5.253  
      iopads_inst/prst_n              PAD ^ -> C ^  PDIDGZ  0.944   0.944    6.197  
      LIF_neuron_inst/r_acc_V_reg[2]  -             DFFRX1  -0.015  0.929    6.182  
      -------------------------------------------------------------------------------
     Clock Rise Edge                      0.000
     = Beginpoint Arrival Time            0.000
     Other End Path:
      -------------------------------------------------------------------------------------------
      Instance                                    Arc           Cell    Retime  Arrival  Required  
                                                                        Delay   Time     Time  
      -------------------------------------------------------------------------------------------
      -                                           clk ^         -       -       0.000    -5.253  
      iopads_inst/pclck                           -             PDIDGZ  0.000   0.000    -5.253  
      iopads_inst/pclck                           PAD ^ -> C ^  PDIDGZ  0.938   0.938    -4.315  
      LIF_neuron_inst/RC_CG_HIER_INST1/g15__2398  -             AND2XL  -0.016  0.922    -4.331  
      LIF_neuron_inst/RC_CG_HIER_INST1/g15__2398  A ^ -> Y ^    AND2XL  0.329   1.252    -4.001  
      LIF_neuron_inst/r_acc_V_reg[2]              -             DFFRX1  0.000   1.252    -4.001  
      -------------------------------------------------------------------------------------------
Path 23: MET Recovery Check with Pin LIF_neuron_inst/r_acc_V_reg[1]/CK 
Endpoint:   LIF_neuron_inst/r_acc_V_reg[1]/RN (^) checked with  leading edge of 'clk'
Beginpoint: rst_n                             (^) triggered by  leading edge of 'clk'
Path Groups: {async_default}
Analysis View: ana_1
Retime Analysis { Data Path-Slew }
Other End Arrival Time          1.252
- Recovery                      0.070
+ Phase Shift                   5.000
= Required Time                 6.182
- Arrival Time                  0.929
= Slack Time                    5.253
= Slack Time(original)          5.253
     Clock Rise Edge                      0.000
     = Beginpoint Arrival Time            0.000
     Timing Path:
      -------------------------------------------------------------------------------
      Instance                        Arc           Cell    Retime  Arrival  Required  
                                                            Delay   Time     Time  
      -------------------------------------------------------------------------------
      -                               rst_n ^       -       -       0.000    5.253  
      iopads_inst/prst_n              -             PDIDGZ  0.000   0.000    5.253  
      iopads_inst/prst_n              PAD ^ -> C ^  PDIDGZ  0.944   0.944    6.197  
      LIF_neuron_inst/r_acc_V_reg[1]  -             DFFRX1  -0.015  0.929    6.182  
      -------------------------------------------------------------------------------
     Clock Rise Edge                      0.000
     = Beginpoint Arrival Time            0.000
     Other End Path:
      -------------------------------------------------------------------------------------------
      Instance                                    Arc           Cell    Retime  Arrival  Required  
                                                                        Delay   Time     Time  
      -------------------------------------------------------------------------------------------
      -                                           clk ^         -       -       0.000    -5.253  
      iopads_inst/pclck                           -             PDIDGZ  0.000   0.000    -5.253  
      iopads_inst/pclck                           PAD ^ -> C ^  PDIDGZ  0.938   0.938    -4.315  
      LIF_neuron_inst/RC_CG_HIER_INST1/g15__2398  -             AND2XL  -0.016  0.922    -4.331  
      LIF_neuron_inst/RC_CG_HIER_INST1/g15__2398  A ^ -> Y ^    AND2XL  0.329   1.252    -4.001  
      LIF_neuron_inst/r_acc_V_reg[1]              -             DFFRX1  0.000   1.252    -4.001  
      -------------------------------------------------------------------------------------------
Path 24: MET Recovery Check with Pin LIF_neuron_inst/r_acc_V_reg[3]/CK 
Endpoint:   LIF_neuron_inst/r_acc_V_reg[3]/RN (^) checked with  leading edge of 'clk'
Beginpoint: rst_n                             (^) triggered by  leading edge of 'clk'
Path Groups: {async_default}
Analysis View: ana_1
Retime Analysis { Data Path-Slew }
Other End Arrival Time          1.252
- Recovery                      0.070
+ Phase Shift                   5.000
= Required Time                 6.182
- Arrival Time                  0.929
= Slack Time                    5.253
= Slack Time(original)          5.253
     Clock Rise Edge                      0.000
     = Beginpoint Arrival Time            0.000
     Timing Path:
      -------------------------------------------------------------------------------
      Instance                        Arc           Cell    Retime  Arrival  Required  
                                                            Delay   Time     Time  
      -------------------------------------------------------------------------------
      -                               rst_n ^       -       -       0.000    5.253  
      iopads_inst/prst_n              -             PDIDGZ  0.000   0.000    5.253  
      iopads_inst/prst_n              PAD ^ -> C ^  PDIDGZ  0.944   0.944    6.197  
      LIF_neuron_inst/r_acc_V_reg[3]  -             DFFRX1  -0.015  0.929    6.182  
      -------------------------------------------------------------------------------
     Clock Rise Edge                      0.000
     = Beginpoint Arrival Time            0.000
     Other End Path:
      -------------------------------------------------------------------------------------------
      Instance                                    Arc           Cell    Retime  Arrival  Required  
                                                                        Delay   Time     Time  
      -------------------------------------------------------------------------------------------
      -                                           clk ^         -       -       0.000    -5.253  
      iopads_inst/pclck                           -             PDIDGZ  0.000   0.000    -5.253  
      iopads_inst/pclck                           PAD ^ -> C ^  PDIDGZ  0.938   0.938    -4.315  
      LIF_neuron_inst/RC_CG_HIER_INST1/g15__2398  -             AND2XL  -0.016  0.922    -4.331  
      LIF_neuron_inst/RC_CG_HIER_INST1/g15__2398  A ^ -> Y ^    AND2XL  0.329   1.252    -4.001  
      LIF_neuron_inst/r_acc_V_reg[3]              -             DFFRX1  0.000   1.252    -4.001  
      -------------------------------------------------------------------------------------------
Path 25: MET Recovery Check with Pin LIF_neuron_inst/r_acc_V_reg[0]/CK 
Endpoint:   LIF_neuron_inst/r_acc_V_reg[0]/RN (^) checked with  leading edge of 'clk'
Beginpoint: rst_n                             (^) triggered by  leading edge of 'clk'
Path Groups: {async_default}
Analysis View: ana_1
Retime Analysis { Data Path-Slew }
Other End Arrival Time          1.252
- Recovery                      0.070
+ Phase Shift                   5.000
= Required Time                 6.182
- Arrival Time                  0.929
= Slack Time                    5.253
= Slack Time(original)          5.253
     Clock Rise Edge                      0.000
     = Beginpoint Arrival Time            0.000
     Timing Path:
      -------------------------------------------------------------------------------
      Instance                        Arc           Cell    Retime  Arrival  Required  
                                                            Delay   Time     Time  
      -------------------------------------------------------------------------------
      -                               rst_n ^       -       -       0.000    5.253  
      iopads_inst/prst_n              -             PDIDGZ  0.000   0.000    5.253  
      iopads_inst/prst_n              PAD ^ -> C ^  PDIDGZ  0.944   0.944    6.197  
      LIF_neuron_inst/r_acc_V_reg[0]  -             DFFRX1  -0.015  0.929    6.182  
      -------------------------------------------------------------------------------
     Clock Rise Edge                      0.000
     = Beginpoint Arrival Time            0.000
     Other End Path:
      -------------------------------------------------------------------------------------------
      Instance                                    Arc           Cell    Retime  Arrival  Required  
                                                                        Delay   Time     Time  
      -------------------------------------------------------------------------------------------
      -                                           clk ^         -       -       0.000    -5.253  
      iopads_inst/pclck                           -             PDIDGZ  0.000   0.000    -5.253  
      iopads_inst/pclck                           PAD ^ -> C ^  PDIDGZ  0.938   0.938    -4.315  
      LIF_neuron_inst/RC_CG_HIER_INST1/g15__2398  -             AND2XL  -0.016  0.922    -4.331  
      LIF_neuron_inst/RC_CG_HIER_INST1/g15__2398  A ^ -> Y ^    AND2XL  0.329   1.252    -4.001  
      LIF_neuron_inst/r_acc_V_reg[0]              -             DFFRX1  0.000   1.252    -4.001  
      -------------------------------------------------------------------------------------------
Path 26: MET Recovery Check with Pin LIF_neuron_inst/r_acc_V_reg[4]/CK 
Endpoint:   LIF_neuron_inst/r_acc_V_reg[4]/RN (^) checked with  leading edge of 'clk'
Beginpoint: rst_n                             (^) triggered by  leading edge of 'clk'
Path Groups: {async_default}
Analysis View: ana_1
Retime Analysis { Data Path-Slew }
Other End Arrival Time          1.252
- Recovery                      0.070
+ Phase Shift                   5.000
= Required Time                 6.182
- Arrival Time                  0.929
= Slack Time                    5.253
= Slack Time(original)          5.253
     Clock Rise Edge                      0.000
     = Beginpoint Arrival Time            0.000
     Timing Path:
      -------------------------------------------------------------------------------
      Instance                        Arc           Cell    Retime  Arrival  Required  
                                                            Delay   Time     Time  
      -------------------------------------------------------------------------------
      -                               rst_n ^       -       -       0.000    5.253  
      iopads_inst/prst_n              -             PDIDGZ  0.000   0.000    5.253  
      iopads_inst/prst_n              PAD ^ -> C ^  PDIDGZ  0.944   0.944    6.197  
      LIF_neuron_inst/r_acc_V_reg[4]  -             DFFRX1  -0.015  0.929    6.182  
      -------------------------------------------------------------------------------
     Clock Rise Edge                      0.000
     = Beginpoint Arrival Time            0.000
     Other End Path:
      -------------------------------------------------------------------------------------------
      Instance                                    Arc           Cell    Retime  Arrival  Required  
                                                                        Delay   Time     Time  
      -------------------------------------------------------------------------------------------
      -                                           clk ^         -       -       0.000    -5.253  
      iopads_inst/pclck                           -             PDIDGZ  0.000   0.000    -5.253  
      iopads_inst/pclck                           PAD ^ -> C ^  PDIDGZ  0.938   0.938    -4.315  
      LIF_neuron_inst/RC_CG_HIER_INST1/g15__2398  -             AND2XL  -0.016  0.922    -4.331  
      LIF_neuron_inst/RC_CG_HIER_INST1/g15__2398  A ^ -> Y ^    AND2XL  0.329   1.252    -4.001  
      LIF_neuron_inst/r_acc_V_reg[4]              -             DFFRX1  0.000   1.252    -4.001  
      -------------------------------------------------------------------------------------------
Path 27: MET Setup Check with Pin LIF_neuron_inst/r_refrac_reg[2]/CK 
Endpoint:   LIF_neuron_inst/r_refrac_reg[2]/D (v) checked with  leading edge of 'clk'
Beginpoint: LIF_neuron_inst/r_refrac_reg[0]/Q (^) triggered by  leading edge of 'clk'
Path Groups: {clk}
Analysis View: ana_1
Retime Analysis { Data Path-Slew }
Other End Arrival Time          1.166
- Setup                         0.231
+ Phase Shift                   5.000
= Required Time                 5.935
- Arrival Time                  0.557
= Slack Time                    5.378
= Slack Time(original)          5.377
     Clock Rise Edge                      0.000
     + Source Insertion Delay            -1.862
     = Beginpoint Arrival Time           -1.862
     Timing Path:
      ---------------------------------------------------------------------------------------------
      Instance                                    Arc           Cell      Retime  Arrival  Required  
                                                                          Delay   Time     Time  
      ---------------------------------------------------------------------------------------------
      -                                           clk ^         -         -       -1.862   3.516  
      iopads_inst/pclck                           -             PDIDGZ    0.000   -1.862   3.516  
      iopads_inst/pclck                           PAD ^ -> C ^  PDIDGZ    0.938   -0.924   4.455  
      LIF_neuron_inst/RC_CG_HIER_INST2/g15__6260  -             AND2XL    -0.016  -0.940   4.438  
      LIF_neuron_inst/RC_CG_HIER_INST2/g15__6260  A ^ -> Y ^    AND2XL    0.244   -0.695   4.683  
      LIF_neuron_inst/r_refrac_reg[0]             -             DFFRX1    0.000   -0.695   4.683  
      LIF_neuron_inst/r_refrac_reg[0]             CK ^ -> Q ^   DFFRX1    0.868   0.173    5.551  
      LIF_neuron_inst/g1278__3680                 -             OR3XL     0.001   0.173    5.551  
      LIF_neuron_inst/g1278__3680                 A ^ -> Y ^    OR3XL     0.256   0.429    5.807  
      LIF_neuron_inst/g1885__9315                 -             NAND3BXL  0.000   0.429    5.808  
      LIF_neuron_inst/g1885__9315                 C ^ -> Y v    NAND3BXL  0.127   0.557    5.935  
      LIF_neuron_inst/r_refrac_reg[2]             -             DFFRX1    0.000   0.557    5.935  
      ---------------------------------------------------------------------------------------------
     Clock Rise Edge                      0.000
     = Beginpoint Arrival Time            0.000
     Other End Path:
      -------------------------------------------------------------------------------------------
      Instance                                    Arc           Cell    Retime  Arrival  Required  
                                                                        Delay   Time     Time  
      -------------------------------------------------------------------------------------------
      -                                           clk ^         -       -       0.000    -5.378  
      iopads_inst/pclck                           -             PDIDGZ  0.000   0.000    -5.378  
      iopads_inst/pclck                           PAD ^ -> C ^  PDIDGZ  0.938   0.938    -4.440  
      LIF_neuron_inst/RC_CG_HIER_INST2/g15__6260  -             AND2XL  -0.016  0.922    -4.456  
      LIF_neuron_inst/RC_CG_HIER_INST2/g15__6260  A ^ -> Y ^    AND2XL  0.244   1.166    -4.212  
      LIF_neuron_inst/r_refrac_reg[2]             -             DFFRX1  0.000   1.166    -4.212  
      -------------------------------------------------------------------------------------------
Path 28: MET Setup Check with Pin LIF_neuron_inst/r_refrac_reg[1]/CK 
Endpoint:   LIF_neuron_inst/r_refrac_reg[1]/D (v) checked with  leading edge of 'clk'
Beginpoint: LIF_neuron_inst/r_refrac_reg[0]/Q (^) triggered by  leading edge of 'clk'
Path Groups: {clk}
Analysis View: ana_1
Retime Analysis { Data Path-Slew }
Other End Arrival Time          1.166
- Setup                         0.223
+ Phase Shift                   5.000
= Required Time                 5.944
- Arrival Time                  0.559
= Slack Time                    5.384
= Slack Time(original)          5.379
     Clock Rise Edge                      0.000
     + Source Insertion Delay            -1.862
     = Beginpoint Arrival Time           -1.862
     Timing Path:
      --------------------------------------------------------------------------------------------
      Instance                                    Arc           Cell     Retime  Arrival  Required  
                                                                         Delay   Time     Time  
      --------------------------------------------------------------------------------------------
      -                                           clk ^         -        -       -1.862   3.523  
      iopads_inst/pclck                           -             PDIDGZ   0.000   -1.862   3.523  
      iopads_inst/pclck                           PAD ^ -> C ^  PDIDGZ   0.938   -0.924   4.461  
      LIF_neuron_inst/RC_CG_HIER_INST2/g15__6260  -             AND2XL   -0.016  -0.940   4.444  
      LIF_neuron_inst/RC_CG_HIER_INST2/g15__6260  A ^ -> Y ^    AND2XL   0.244   -0.695   4.689  
      LIF_neuron_inst/r_refrac_reg[0]             -             DFFRX1   0.000   -0.695   4.689  
      LIF_neuron_inst/r_refrac_reg[0]             CK ^ -> Q ^   DFFRX1   0.868   0.173    5.557  
      LIF_neuron_inst/g1906__3680                 -             NOR2XL   0.001   0.173    5.557  
      LIF_neuron_inst/g1906__3680                 A ^ -> Y v    NOR2XL   0.125   0.298    5.683  
      LIF_neuron_inst/g1899__6260                 -             AOI21XL  0.000   0.299    5.683  
      LIF_neuron_inst/g1899__6260                 B0 v -> Y ^   AOI21XL  0.182   0.480    5.865  
      LIF_neuron_inst/g1890__2346                 -             NOR2XL   0.000   0.481    5.865  
      LIF_neuron_inst/g1890__2346                 A ^ -> Y v    NOR2XL   0.079   0.559    5.944  
      LIF_neuron_inst/r_refrac_reg[1]             -             DFFRX1   0.000   0.559    5.944  
      --------------------------------------------------------------------------------------------
     Clock Rise Edge                      0.000
     = Beginpoint Arrival Time            0.000
     Other End Path:
      -------------------------------------------------------------------------------------------
      Instance                                    Arc           Cell    Retime  Arrival  Required  
                                                                        Delay   Time     Time  
      -------------------------------------------------------------------------------------------
      -                                           clk ^         -       -       0.000    -5.384  
      iopads_inst/pclck                           -             PDIDGZ  0.000   0.000    -5.384  
      iopads_inst/pclck                           PAD ^ -> C ^  PDIDGZ  0.938   0.938    -4.446  
      LIF_neuron_inst/RC_CG_HIER_INST2/g15__6260  -             AND2XL  -0.016  0.922    -4.462  
      LIF_neuron_inst/RC_CG_HIER_INST2/g15__6260  A ^ -> Y ^    AND2XL  0.244   1.166    -4.218  
      LIF_neuron_inst/r_refrac_reg[1]             -             DFFRX1  0.000   1.166    -4.218  
      -------------------------------------------------------------------------------------------
Path 29: MET Setup Check with Pin LIF_neuron_inst/r_refrac_reg[0]/CK 
Endpoint:   LIF_neuron_inst/r_refrac_reg[0]/D (v) checked with  leading edge of 'clk'
Beginpoint: LIF_neuron_inst/r_refrac_reg[0]/Q (^) triggered by  leading edge of 'clk'
Path Groups: {clk}
Analysis View: ana_1
Retime Analysis { Data Path-Slew }
Other End Arrival Time          1.166
- Setup                         0.228
+ Phase Shift                   5.000
= Required Time                 5.938
- Arrival Time                  0.274
= Slack Time                    5.664
= Slack Time(original)          5.664
     Clock Rise Edge                      0.000
     + Source Insertion Delay            -1.862
     = Beginpoint Arrival Time           -1.862
     Timing Path:
      ---------------------------------------------------------------------------------------------
      Instance                                    Arc           Cell      Retime  Arrival  Required  
                                                                          Delay   Time     Time  
      ---------------------------------------------------------------------------------------------
      -                                           clk ^         -         -       -1.862   3.803  
      iopads_inst/pclck                           -             PDIDGZ    0.000   -1.862   3.803  
      iopads_inst/pclck                           PAD ^ -> C ^  PDIDGZ    0.938   -0.924   4.741  
      LIF_neuron_inst/RC_CG_HIER_INST2/g15__6260  -             AND2XL    -0.016  -0.940   4.724  
      LIF_neuron_inst/RC_CG_HIER_INST2/g15__6260  A ^ -> Y ^    AND2XL    0.244   -0.695   4.969  
      LIF_neuron_inst/r_refrac_reg[0]             -             DFFRX1    0.000   -0.695   4.969  
      LIF_neuron_inst/r_refrac_reg[0]             CK ^ -> Q ^   DFFRX1    0.868   0.173    5.837  
      LIF_neuron_inst/g1905__6783                 -             NAND2BXL  0.000   0.173    5.837  
      LIF_neuron_inst/g1905__6783                 B ^ -> Y v    NAND2BXL  0.101   0.274    5.938  
      LIF_neuron_inst/r_refrac_reg[0]             -             DFFRX1    0.000   0.274    5.938  
      ---------------------------------------------------------------------------------------------
     Clock Rise Edge                      0.000
     = Beginpoint Arrival Time            0.000
     Other End Path:
      -------------------------------------------------------------------------------------------
      Instance                                    Arc           Cell    Retime  Arrival  Required  
                                                                        Delay   Time     Time  
      -------------------------------------------------------------------------------------------
      -                                           clk ^         -       -       0.000    -5.664  
      iopads_inst/pclck                           -             PDIDGZ  0.000   0.000    -5.664  
      iopads_inst/pclck                           PAD ^ -> C ^  PDIDGZ  0.938   0.938    -4.726  
      LIF_neuron_inst/RC_CG_HIER_INST2/g15__6260  -             AND2XL  -0.016  0.922    -4.742  
      LIF_neuron_inst/RC_CG_HIER_INST2/g15__6260  A ^ -> Y ^    AND2XL  0.244   1.166    -4.498  
      LIF_neuron_inst/r_refrac_reg[0]             -             DFFRX1  0.000   1.166    -4.498  
      -------------------------------------------------------------------------------------------

