###############################################################
#  Generated by:      Cadence Tempus 21.13-s102_1
#  OS:                Linux x86_64(Host ID cadsv211)
#  Generated on:      Sat Feb  4 22:19:30 2023
#  Design:            LIF_neuron_m_top
#  Command:           report_timing -path_type summary_slack_only -late -max_paths 10000  > ${reportDir}/start_end_slack.rpt
###############################################################
      --------------------------------------------------------------------------------------------------------------------------------------------------------------------------------------  
       Begin Point                                End Point                                  Slack                                         Cause                                       View   
      --------------------------------------------------------------------------------------------------------------------------------------------------------------------------------------  
      i_recc r                                   LIF_neuron_inst/RC_CG_HIER_INST1/enl_reg/D r   1.722      MET                                        ana_1
      test_mode r                                LIF_neuron_inst/RC_CG_HIER_INST2/enl_reg/D r   1.758      MET                                        ana_1
      i_wspike[2] r                              LIF_neuron_inst/r_acc_V_reg[3]/D f         2.059      MET                                        ana_1
      i_wspike[2] r                              LIF_neuron_inst/r_acc_V_reg[1]/D f         2.076      MET                                        ana_1
      i_wspike[2] r                              LIF_neuron_inst/r_acc_V_reg[2]/D f         2.078      MET                                        ana_1
      i_wspike[2] r                              LIF_neuron_inst/r_acc_V_reg[0]/D f         2.096      MET                                        ana_1
      LIF_neuron_inst/r_acc_V_reg[1]/Q r         o_V[1] r                                   2.332      MET                                        ana_1
      LIF_neuron_inst/r_acc_V_reg[0]/Q r         o_V[0] r                                   2.341      MET                                        ana_1
      LIF_neuron_inst/r_acc_V_reg[3]/Q r         o_V[3] r                                   2.348      MET                                        ana_1
      LIF_neuron_inst/r_acc_V_reg[2]/Q r         o_V[2] r                                   2.353      MET                                        ana_1
      i_wspike[2] r                              LIF_neuron_inst/r_acc_V_reg[4]/D f         2.405      MET                                        ana_1
      LIF_neuron_inst/r_acc_V_reg[4]/Q r         o_V[4] r                                   2.436      MET                                        ana_1
      LIF_neuron_inst/r_spike_reg/Q r            o_spike r                                  2.725      MET                                        ana_1
      LIF_neuron_inst/RC_CG_HIER_INST2/enl_reg/Q f   LIF_neuron_inst/RC_CG_HIER_INST2/g15__6260/B f   3.960      MET                                        ana_1
      LIF_neuron_inst/RC_CG_HIER_INST1/enl_reg/Q f   LIF_neuron_inst/RC_CG_HIER_INST1/g15__2398/B f   3.973      MET                                        ana_1
      rst_n r                                    LIF_neuron_inst/r_spike_reg/RN r           4.887      MET                                        ana_1
      rst_n r                                    LIF_neuron_inst/r_leak_en_reg/RN r         4.888      MET                                        ana_1
      LIF_neuron_inst/r_acc_V_reg[1]/Q r         LIF_neuron_inst/r_spike_reg/D r            4.916      MET                                        ana_1
      rst_n r                                    LIF_neuron_inst/r_refrac_reg[2]/RN r       5.152      MET                                        ana_1
      rst_n r                                    LIF_neuron_inst/r_refrac_reg[1]/RN r       5.152      MET                                        ana_1
      rst_n r                                    LIF_neuron_inst/r_refrac_reg[0]/RN r       5.152      MET                                        ana_1
      rst_n r                                    LIF_neuron_inst/r_acc_V_reg[2]/RN r        5.253      MET                                        ana_1
      rst_n r                                    LIF_neuron_inst/r_acc_V_reg[1]/RN r        5.253      MET                                        ana_1
      rst_n r                                    LIF_neuron_inst/r_acc_V_reg[3]/RN r        5.253      MET                                        ana_1
      rst_n r                                    LIF_neuron_inst/r_acc_V_reg[0]/RN r        5.253      MET                                        ana_1
      rst_n r                                    LIF_neuron_inst/r_acc_V_reg[4]/RN r        5.253      MET                                        ana_1
      LIF_neuron_inst/r_refrac_reg[0]/Q r        LIF_neuron_inst/r_refrac_reg[2]/D f        5.377      MET                                        ana_1
      LIF_neuron_inst/r_refrac_reg[0]/Q r        LIF_neuron_inst/r_refrac_reg[1]/D f        5.379      MET                                        ana_1
      LIF_neuron_inst/r_refrac_reg[0]/Q r        LIF_neuron_inst/r_refrac_reg[0]/D f        5.664      MET                                        ana_1
      --------------------------------------------------------------------------------------------------------------------------------------------------------------------------------------

