###############################################################
#  Generated by:      Cadence Tempus 21.13-s102_1
#  OS:                Linux x86_64(Host ID cadsv211)
#  Generated on:      Sat Feb  4 22:19:30 2023
#  Design:            LIF_neuron_m_top
#  Command:           report_timing -early  -max_paths 10000 -nworst 1 -path_type full_clock -net  > ${reportDir}/worst_min_path.rpt
###############################################################
Path 1: MET Removal Check with Pin LIF_neuron_inst/r_acc_V_reg[0]/CK 
Endpoint:   LIF_neuron_inst/r_acc_V_reg[0]/RN (^) checked with  leading edge of 'clk'
Beginpoint: rst_n                             (^) triggered by  leading edge of 'clk'
Path Groups: {async_default}
Analysis View: ana_1
Other End Arrival Time         -0.610
+ Removal                      -0.041
+ Phase Shift                   0.000
= Required Time                -0.650
  Arrival Time                  0.929
  Slack Time                    1.579
     Clock Rise Edge                      0.000
     = Beginpoint Arrival Time            0.000
     Timing Path:
      ----------------------------------------------------------------------------------
      Pin                                Edge  Net     Cell    Delay   Arrival  Required  
                                                                       Time     Time  
      ----------------------------------------------------------------------------------
      rst_n                              ^     rst_n   -       -       0.000    -1.579  
      iopads_inst/prst_n/PAD             ^     rst_n   PDIDGZ  0.000   0.000    -1.579  
      iopads_inst/prst_n/C               ^     rst_nI  PDIDGZ  0.944   0.944    -0.635  
      LIF_neuron_inst/r_acc_V_reg[0]/RN  ^     rst_nI  DFFRX1  -0.015  0.929    -0.650  
      ----------------------------------------------------------------------------------
     Clock Rise Edge                      0.000
     + Source Insertion Delay            -1.862
     = Beginpoint Arrival Time           -1.862
     Other End Path:
      --------------------------------------------------------------------------------------------------------------
      Pin                                           Edge  Net                      Cell    Delay   Arrival  Required  
                                                                                                   Time     Time  
      --------------------------------------------------------------------------------------------------------------
      clk                                           ^     clk                      -       -       -1.862   -0.282  
      iopads_inst/pclck/PAD                         ^     clk                      PDIDGZ  0.000   -1.862   -0.282  
      iopads_inst/pclck/C                           ^     clkI                     PDIDGZ  0.938   -0.924   0.656  
      LIF_neuron_inst/RC_CG_HIER_INST1/g15__2398/A  ^     clkI                     AND2XL  -0.016  -0.939   0.640  
      LIF_neuron_inst/RC_CG_HIER_INST1/g15__2398/Y  ^     LIF_neuron_inst/rc_gclk  AND2XL  0.329   -0.610   0.969  
      LIF_neuron_inst/r_acc_V_reg[0]/CK             ^     LIF_neuron_inst/rc_gclk  DFFRX1  0.000   -0.610   0.970  
      --------------------------------------------------------------------------------------------------------------
Path 2: MET Removal Check with Pin LIF_neuron_inst/r_acc_V_reg[4]/CK 
Endpoint:   LIF_neuron_inst/r_acc_V_reg[4]/RN (^) checked with  leading edge of 'clk'
Beginpoint: rst_n                             (^) triggered by  leading edge of 'clk'
Path Groups: {async_default}
Analysis View: ana_1
Other End Arrival Time         -0.610
+ Removal                      -0.041
+ Phase Shift                   0.000
= Required Time                -0.651
  Arrival Time                  0.929
  Slack Time                    1.579
     Clock Rise Edge                      0.000
     = Beginpoint Arrival Time            0.000
     Timing Path:
      ----------------------------------------------------------------------------------
      Pin                                Edge  Net     Cell    Delay   Arrival  Required  
                                                                       Time     Time  
      ----------------------------------------------------------------------------------
      rst_n                              ^     rst_n   -       -       0.000    -1.579  
      iopads_inst/prst_n/PAD             ^     rst_n   PDIDGZ  0.000   0.000    -1.579  
      iopads_inst/prst_n/C               ^     rst_nI  PDIDGZ  0.944   0.944    -0.635  
      LIF_neuron_inst/r_acc_V_reg[4]/RN  ^     rst_nI  DFFRX1  -0.016  0.929    -0.651  
      ----------------------------------------------------------------------------------
     Clock Rise Edge                      0.000
     + Source Insertion Delay            -1.862
     = Beginpoint Arrival Time           -1.862
     Other End Path:
      --------------------------------------------------------------------------------------------------------------
      Pin                                           Edge  Net                      Cell    Delay   Arrival  Required  
                                                                                                   Time     Time  
      --------------------------------------------------------------------------------------------------------------
      clk                                           ^     clk                      -       -       -1.862   -0.282  
      iopads_inst/pclck/PAD                         ^     clk                      PDIDGZ  0.000   -1.862   -0.282  
      iopads_inst/pclck/C                           ^     clkI                     PDIDGZ  0.938   -0.924   0.656  
      LIF_neuron_inst/RC_CG_HIER_INST1/g15__2398/A  ^     clkI                     AND2XL  -0.016  -0.939   0.640  
      LIF_neuron_inst/RC_CG_HIER_INST1/g15__2398/Y  ^     LIF_neuron_inst/rc_gclk  AND2XL  0.329   -0.610   0.969  
      LIF_neuron_inst/r_acc_V_reg[4]/CK             ^     LIF_neuron_inst/rc_gclk  DFFRX1  0.000   -0.610   0.970  
      --------------------------------------------------------------------------------------------------------------
Path 3: MET Removal Check with Pin LIF_neuron_inst/r_acc_V_reg[1]/CK 
Endpoint:   LIF_neuron_inst/r_acc_V_reg[1]/RN (^) checked with  leading edge of 'clk'
Beginpoint: rst_n                             (^) triggered by  leading edge of 'clk'
Path Groups: {async_default}
Analysis View: ana_1
Other End Arrival Time         -0.610
+ Removal                      -0.041
+ Phase Shift                   0.000
= Required Time                -0.651
  Arrival Time                  0.929
  Slack Time                    1.579
     Clock Rise Edge                      0.000
     = Beginpoint Arrival Time            0.000
     Timing Path:
      ----------------------------------------------------------------------------------
      Pin                                Edge  Net     Cell    Delay   Arrival  Required  
                                                                       Time     Time  
      ----------------------------------------------------------------------------------
      rst_n                              ^     rst_n   -       -       0.000    -1.579  
      iopads_inst/prst_n/PAD             ^     rst_n   PDIDGZ  0.000   0.000    -1.579  
      iopads_inst/prst_n/C               ^     rst_nI  PDIDGZ  0.944   0.944    -0.635  
      LIF_neuron_inst/r_acc_V_reg[1]/RN  ^     rst_nI  DFFRX1  -0.016  0.929    -0.651  
      ----------------------------------------------------------------------------------
     Clock Rise Edge                      0.000
     + Source Insertion Delay            -1.862
     = Beginpoint Arrival Time           -1.862
     Other End Path:
      --------------------------------------------------------------------------------------------------------------
      Pin                                           Edge  Net                      Cell    Delay   Arrival  Required  
                                                                                                   Time     Time  
      --------------------------------------------------------------------------------------------------------------
      clk                                           ^     clk                      -       -       -1.862   -0.282  
      iopads_inst/pclck/PAD                         ^     clk                      PDIDGZ  0.000   -1.862   -0.282  
      iopads_inst/pclck/C                           ^     clkI                     PDIDGZ  0.938   -0.924   0.656  
      LIF_neuron_inst/RC_CG_HIER_INST1/g15__2398/A  ^     clkI                     AND2XL  -0.016  -0.939   0.640  
      LIF_neuron_inst/RC_CG_HIER_INST1/g15__2398/Y  ^     LIF_neuron_inst/rc_gclk  AND2XL  0.329   -0.610   0.970  
      LIF_neuron_inst/r_acc_V_reg[1]/CK             ^     LIF_neuron_inst/rc_gclk  DFFRX1  0.000   -0.610   0.970  
      --------------------------------------------------------------------------------------------------------------
Path 4: MET Removal Check with Pin LIF_neuron_inst/r_acc_V_reg[3]/CK 
Endpoint:   LIF_neuron_inst/r_acc_V_reg[3]/RN (^) checked with  leading edge of 'clk'
Beginpoint: rst_n                             (^) triggered by  leading edge of 'clk'
Path Groups: {async_default}
Analysis View: ana_1
Other End Arrival Time         -0.610
+ Removal                      -0.041
+ Phase Shift                   0.000
= Required Time                -0.650
  Arrival Time                  0.929
  Slack Time                    1.579
     Clock Rise Edge                      0.000
     = Beginpoint Arrival Time            0.000
     Timing Path:
      ----------------------------------------------------------------------------------
      Pin                                Edge  Net     Cell    Delay   Arrival  Required  
                                                                       Time     Time  
      ----------------------------------------------------------------------------------
      rst_n                              ^     rst_n   -       -       0.000    -1.579  
      iopads_inst/prst_n/PAD             ^     rst_n   PDIDGZ  0.000   0.000    -1.579  
      iopads_inst/prst_n/C               ^     rst_nI  PDIDGZ  0.944   0.944    -0.635  
      LIF_neuron_inst/r_acc_V_reg[3]/RN  ^     rst_nI  DFFRX1  -0.015  0.929    -0.650  
      ----------------------------------------------------------------------------------
     Clock Rise Edge                      0.000
     + Source Insertion Delay            -1.862
     = Beginpoint Arrival Time           -1.862
     Other End Path:
      --------------------------------------------------------------------------------------------------------------
      Pin                                           Edge  Net                      Cell    Delay   Arrival  Required  
                                                                                                   Time     Time  
      --------------------------------------------------------------------------------------------------------------
      clk                                           ^     clk                      -       -       -1.862   -0.282  
      iopads_inst/pclck/PAD                         ^     clk                      PDIDGZ  0.000   -1.862   -0.282  
      iopads_inst/pclck/C                           ^     clkI                     PDIDGZ  0.938   -0.924   0.656  
      LIF_neuron_inst/RC_CG_HIER_INST1/g15__2398/A  ^     clkI                     AND2XL  -0.016  -0.939   0.640  
      LIF_neuron_inst/RC_CG_HIER_INST1/g15__2398/Y  ^     LIF_neuron_inst/rc_gclk  AND2XL  0.329   -0.610   0.970  
      LIF_neuron_inst/r_acc_V_reg[3]/CK             ^     LIF_neuron_inst/rc_gclk  DFFRX1  0.000   -0.610   0.970  
      --------------------------------------------------------------------------------------------------------------
Path 5: MET Removal Check with Pin LIF_neuron_inst/r_acc_V_reg[2]/CK 
Endpoint:   LIF_neuron_inst/r_acc_V_reg[2]/RN (^) checked with  leading edge of 'clk'
Beginpoint: rst_n                             (^) triggered by  leading edge of 'clk'
Path Groups: {async_default}
Analysis View: ana_1
Other End Arrival Time         -0.610
+ Removal                      -0.041
+ Phase Shift                   0.000
= Required Time                -0.651
  Arrival Time                  0.929
  Slack Time                    1.580
     Clock Rise Edge                      0.000
     = Beginpoint Arrival Time            0.000
     Timing Path:
      ----------------------------------------------------------------------------------
      Pin                                Edge  Net     Cell    Delay   Arrival  Required  
                                                                       Time     Time  
      ----------------------------------------------------------------------------------
      rst_n                              ^     rst_n   -       -       0.000    -1.580  
      iopads_inst/prst_n/PAD             ^     rst_n   PDIDGZ  0.000   0.000    -1.580  
      iopads_inst/prst_n/C               ^     rst_nI  PDIDGZ  0.944   0.944    -0.635  
      LIF_neuron_inst/r_acc_V_reg[2]/RN  ^     rst_nI  DFFRX1  -0.015  0.929    -0.651  
      ----------------------------------------------------------------------------------
     Clock Rise Edge                      0.000
     + Source Insertion Delay            -1.862
     = Beginpoint Arrival Time           -1.862
     Other End Path:
      --------------------------------------------------------------------------------------------------------------
      Pin                                           Edge  Net                      Cell    Delay   Arrival  Required  
                                                                                                   Time     Time  
      --------------------------------------------------------------------------------------------------------------
      clk                                           ^     clk                      -       -       -1.862   -0.282  
      iopads_inst/pclck/PAD                         ^     clk                      PDIDGZ  0.000   -1.862   -0.282  
      iopads_inst/pclck/C                           ^     clkI                     PDIDGZ  0.938   -0.924   0.656  
      LIF_neuron_inst/RC_CG_HIER_INST1/g15__2398/A  ^     clkI                     AND2XL  -0.016  -0.939   0.640  
      LIF_neuron_inst/RC_CG_HIER_INST1/g15__2398/Y  ^     LIF_neuron_inst/rc_gclk  AND2XL  0.329   -0.610   0.970  
      LIF_neuron_inst/r_acc_V_reg[2]/CK             ^     LIF_neuron_inst/rc_gclk  DFFRX1  0.000   -0.610   0.970  
      --------------------------------------------------------------------------------------------------------------
Path 6: MET Removal Check with Pin LIF_neuron_inst/r_refrac_reg[2]/CK 
Endpoint:   LIF_neuron_inst/r_refrac_reg[2]/RN (^) checked with  leading edge of 'clk'
Beginpoint: rst_n                              (^) triggered by  leading edge of 'clk'
Path Groups: {async_default}
Analysis View: ana_1
Other End Arrival Time         -0.695
+ Removal                      -0.056
+ Phase Shift                   0.000
= Required Time                -0.751
  Arrival Time                  0.928
  Slack Time                    1.679
     Clock Rise Edge                      0.000
     = Beginpoint Arrival Time            0.000
     Timing Path:
      -----------------------------------------------------------------------------------
      Pin                                 Edge  Net     Cell    Delay   Arrival  Required  
                                                                        Time     Time  
      -----------------------------------------------------------------------------------
      rst_n                               ^     rst_n   -       -       0.000    -1.679  
      iopads_inst/prst_n/PAD              ^     rst_n   PDIDGZ  0.000   0.000    -1.679  
      iopads_inst/prst_n/C                ^     rst_nI  PDIDGZ  0.944   0.944    -0.735  
      LIF_neuron_inst/r_refrac_reg[2]/RN  ^     rst_nI  DFFRX1  -0.016  0.928    -0.751  
      -----------------------------------------------------------------------------------
     Clock Rise Edge                      0.000
     + Source Insertion Delay            -1.862
     = Beginpoint Arrival Time           -1.862
     Other End Path:
      ------------------------------------------------------------------------------------------------------------------
      Pin                                           Edge  Net                          Cell    Delay   Arrival  Required  
                                                                                                       Time     Time  
      ------------------------------------------------------------------------------------------------------------------
      clk                                           ^     clk                          -       -       -1.862   -0.182  
      iopads_inst/pclck/PAD                         ^     clk                          PDIDGZ  0.000   -1.862   -0.182  
      iopads_inst/pclck/C                           ^     clkI                         PDIDGZ  0.938   -0.924   0.756  
      LIF_neuron_inst/RC_CG_HIER_INST2/g15__6260/A  ^     clkI                         AND2XL  -0.016  -0.940   0.740  
      LIF_neuron_inst/RC_CG_HIER_INST2/g15__6260/Y  ^     LIF_neuron_inst/rc_gclk_775  AND2XL  0.244   -0.695   0.984  
      LIF_neuron_inst/r_refrac_reg[2]/CK            ^     LIF_neuron_inst/rc_gclk_775  DFFRX1  0.000   -0.695   0.984  
      ------------------------------------------------------------------------------------------------------------------
Path 7: MET Removal Check with Pin LIF_neuron_inst/r_refrac_reg[1]/CK 
Endpoint:   LIF_neuron_inst/r_refrac_reg[1]/RN (^) checked with  leading edge of 'clk'
Beginpoint: rst_n                              (^) triggered by  leading edge of 'clk'
Path Groups: {async_default}
Analysis View: ana_1
Other End Arrival Time         -0.695
+ Removal                      -0.056
+ Phase Shift                   0.000
= Required Time                -0.751
  Arrival Time                  0.928
  Slack Time                    1.679
     Clock Rise Edge                      0.000
     = Beginpoint Arrival Time            0.000
     Timing Path:
      -----------------------------------------------------------------------------------
      Pin                                 Edge  Net     Cell    Delay   Arrival  Required  
                                                                        Time     Time  
      -----------------------------------------------------------------------------------
      rst_n                               ^     rst_n   -       -       0.000    -1.679  
      iopads_inst/prst_n/PAD              ^     rst_n   PDIDGZ  0.000   0.000    -1.679  
      iopads_inst/prst_n/C                ^     rst_nI  PDIDGZ  0.944   0.944    -0.735  
      LIF_neuron_inst/r_refrac_reg[1]/RN  ^     rst_nI  DFFRX1  -0.016  0.928    -0.751  
      -----------------------------------------------------------------------------------
     Clock Rise Edge                      0.000
     + Source Insertion Delay            -1.862
     = Beginpoint Arrival Time           -1.862
     Other End Path:
      ------------------------------------------------------------------------------------------------------------------
      Pin                                           Edge  Net                          Cell    Delay   Arrival  Required  
                                                                                                       Time     Time  
      ------------------------------------------------------------------------------------------------------------------
      clk                                           ^     clk                          -       -       -1.862   -0.182  
      iopads_inst/pclck/PAD                         ^     clk                          PDIDGZ  0.000   -1.862   -0.182  
      iopads_inst/pclck/C                           ^     clkI                         PDIDGZ  0.938   -0.924   0.756  
      LIF_neuron_inst/RC_CG_HIER_INST2/g15__6260/A  ^     clkI                         AND2XL  -0.016  -0.940   0.740  
      LIF_neuron_inst/RC_CG_HIER_INST2/g15__6260/Y  ^     LIF_neuron_inst/rc_gclk_775  AND2XL  0.244   -0.695   0.984  
      LIF_neuron_inst/r_refrac_reg[1]/CK            ^     LIF_neuron_inst/rc_gclk_775  DFFRX1  0.000   -0.695   0.984  
      ------------------------------------------------------------------------------------------------------------------
Path 8: MET Removal Check with Pin LIF_neuron_inst/r_refrac_reg[0]/CK 
Endpoint:   LIF_neuron_inst/r_refrac_reg[0]/RN (^) checked with  leading edge of 'clk'
Beginpoint: rst_n                              (^) triggered by  leading edge of 'clk'
Path Groups: {async_default}
Analysis View: ana_1
Other End Arrival Time         -0.695
+ Removal                      -0.056
+ Phase Shift                   0.000
= Required Time                -0.751
  Arrival Time                  0.928
  Slack Time                    1.679
     Clock Rise Edge                      0.000
     = Beginpoint Arrival Time            0.000
     Timing Path:
      -----------------------------------------------------------------------------------
      Pin                                 Edge  Net     Cell    Delay   Arrival  Required  
                                                                        Time     Time  
      -----------------------------------------------------------------------------------
      rst_n                               ^     rst_n   -       -       0.000    -1.679  
      iopads_inst/prst_n/PAD              ^     rst_n   PDIDGZ  0.000   0.000    -1.679  
      iopads_inst/prst_n/C                ^     rst_nI  PDIDGZ  0.944   0.944    -0.735  
      LIF_neuron_inst/r_refrac_reg[0]/RN  ^     rst_nI  DFFRX1  -0.016  0.928    -0.751  
      -----------------------------------------------------------------------------------
     Clock Rise Edge                      0.000
     + Source Insertion Delay            -1.862
     = Beginpoint Arrival Time           -1.862
     Other End Path:
      ------------------------------------------------------------------------------------------------------------------
      Pin                                           Edge  Net                          Cell    Delay   Arrival  Required  
                                                                                                       Time     Time  
      ------------------------------------------------------------------------------------------------------------------
      clk                                           ^     clk                          -       -       -1.862   -0.182  
      iopads_inst/pclck/PAD                         ^     clk                          PDIDGZ  0.000   -1.862   -0.182  
      iopads_inst/pclck/C                           ^     clkI                         PDIDGZ  0.938   -0.924   0.756  
      LIF_neuron_inst/RC_CG_HIER_INST2/g15__6260/A  ^     clkI                         AND2XL  -0.016  -0.940   0.740  
      LIF_neuron_inst/RC_CG_HIER_INST2/g15__6260/Y  ^     LIF_neuron_inst/rc_gclk_775  AND2XL  0.244   -0.695   0.984  
      LIF_neuron_inst/r_refrac_reg[0]/CK            ^     LIF_neuron_inst/rc_gclk_775  DFFRX1  0.000   -0.695   0.984  
      ------------------------------------------------------------------------------------------------------------------
Path 9: MET Clock Gating Hold Check with Pin LIF_neuron_inst/RC_CG_HIER_INST1/g15__2398/A 
Endpoint:   LIF_neuron_inst/RC_CG_HIER_INST1/g15__2398/B (^) checked with trailing edge of 'clk'
Beginpoint: LIF_neuron_inst/RC_CG_HIER_INST1/enl_reg/Q   (^) triggered by trailing edge of 'clk'
Path Groups: {clock_gating_default}
Analysis View: ana_1
Other End Arrival Time          1.541
+ Clock Gating Hold             0.000
+ Phase Shift                   0.000
= Required Time                 1.541
  Arrival Time                  3.278
  Slack Time                    1.737
     Clock Fall Edge                      2.500
     = Beginpoint Arrival Time            2.500
     Timing Path:
      ---------------------------------------------------------------------------------------------------------------------------
      Pin                                           Edge  Net                                   Cell     Delay  Arrival  Required  
                                                                                                                Time     Time  
      ---------------------------------------------------------------------------------------------------------------------------
      clk                                           v     clk                                   -        -      2.500    0.763  
      iopads_inst/pclck/PAD                         v     clk                                   PDIDGZ   0.000  2.500    0.763  
      iopads_inst/pclck/C                           v     clkI                                  PDIDGZ   0.461  2.961    1.224  
      LIF_neuron_inst/RC_CG_HIER_INST1/enl_reg/GN   v     clkI                                  TLATNXL  0.019  2.981    1.243  
      LIF_neuron_inst/RC_CG_HIER_INST1/enl_reg/Q    ^     LIF_neuron_inst/RC_CG_HIER_INST1/enl  TLATNXL  0.297  3.278    1.541  
      LIF_neuron_inst/RC_CG_HIER_INST1/g15__2398/B  ^     LIF_neuron_inst/RC_CG_HIER_INST1/enl  AND2XL   0.000  3.278    1.541  
      ---------------------------------------------------------------------------------------------------------------------------
     Clock Fall Edge                      2.500
     + Source Insertion Delay            -1.440
     = Beginpoint Arrival Time            1.060
     Other End Path:
      ------------------------------------------------------------------------------------------
      Pin                                           Edge  Net   Cell    Delay  Arrival  Required  
                                                                               Time     Time  
      ------------------------------------------------------------------------------------------
      clk                                           v     clk   -       -      1.060    2.797  
      iopads_inst/pclck/PAD                         v     clk   PDIDGZ  0.000  1.060    2.797  
      iopads_inst/pclck/C                           v     clkI  PDIDGZ  0.461  1.521    3.259  
      LIF_neuron_inst/RC_CG_HIER_INST1/g15__2398/A  v     clkI  AND2XL  0.019  1.541    3.278  
      ------------------------------------------------------------------------------------------
Path 10: MET Clock Gating Hold Check with Pin LIF_neuron_inst/RC_CG_HIER_INST2/g15__6260/A 
Endpoint:   LIF_neuron_inst/RC_CG_HIER_INST2/g15__6260/B (^) checked with trailing edge of 'clk'
Beginpoint: LIF_neuron_inst/RC_CG_HIER_INST2/enl_reg/Q   (^) triggered by trailing edge of 'clk'
Path Groups: {clock_gating_default}
Analysis View: ana_1
Other End Arrival Time          1.540
+ Clock Gating Hold             0.000
+ Phase Shift                   0.000
= Required Time                 1.540
  Arrival Time                  3.293
  Slack Time                    1.753
     Clock Fall Edge                      2.500
     = Beginpoint Arrival Time            2.500
     Timing Path:
      ---------------------------------------------------------------------------------------------------------------------------
      Pin                                           Edge  Net                                   Cell     Delay  Arrival  Required  
                                                                                                                Time     Time  
      ---------------------------------------------------------------------------------------------------------------------------
      clk                                           v     clk                                   -        -      2.500    0.747  
      iopads_inst/pclck/PAD                         v     clk                                   PDIDGZ   0.000  2.500    0.747  
      iopads_inst/pclck/C                           v     clkI                                  PDIDGZ   0.461  2.961    1.209  
      LIF_neuron_inst/RC_CG_HIER_INST2/enl_reg/GN   v     clkI                                  TLATNXL  0.019  2.981    1.228  
      LIF_neuron_inst/RC_CG_HIER_INST2/enl_reg/Q    ^     LIF_neuron_inst/RC_CG_HIER_INST2/enl  TLATNXL  0.312  3.293    1.540  
      LIF_neuron_inst/RC_CG_HIER_INST2/g15__6260/B  ^     LIF_neuron_inst/RC_CG_HIER_INST2/enl  AND2XL   0.000  3.293    1.540  
      ---------------------------------------------------------------------------------------------------------------------------
     Clock Fall Edge                      2.500
     + Source Insertion Delay            -1.440
     = Beginpoint Arrival Time            1.060
     Other End Path:
      ------------------------------------------------------------------------------------------
      Pin                                           Edge  Net   Cell    Delay  Arrival  Required  
                                                                               Time     Time  
      ------------------------------------------------------------------------------------------
      clk                                           v     clk   -       -      1.060    2.813  
      iopads_inst/pclck/PAD                         v     clk   PDIDGZ  0.000  1.060    2.813  
      iopads_inst/pclck/C                           v     clkI  PDIDGZ  0.461  1.521    3.274  
      LIF_neuron_inst/RC_CG_HIER_INST2/g15__6260/A  v     clkI  AND2XL  0.019  1.540    3.293  
      ------------------------------------------------------------------------------------------
Path 11: MET Hold Check with Pin LIF_neuron_inst/RC_CG_HIER_INST1/enl_reg/GN 
Endpoint:   LIF_neuron_inst/RC_CG_HIER_INST1/enl_reg/D (v) checked with  leading edge of 'clk'
Beginpoint: test_mode                                  (v) triggered by  leading edge of '@'
Path Groups: {clk}
Analysis View: ana_1
Other End Arrival Time         -0.940
+ Hold                         -0.082
+ Phase Shift                   0.000
= Required Time                -1.022
  Arrival Time                  0.887
  Slack Time                    1.909
     Clock Rise Edge                      0.000
     + Input Delay                        0.000
     = Beginpoint Arrival Time            0.000
     Timing Path:
      ---------------------------------------------------------------------------------------------------------------------------
      Pin                                           Edge  Net                                   Cell     Delay  Arrival  Required  
                                                                                                                Time     Time  
      ---------------------------------------------------------------------------------------------------------------------------
      test_mode                                     v     test_mode                             -        -      0.000    -1.909  
      iopads_inst/ptest_mode/PAD                    v     test_mode                             PDIDGZ   0.000  0.000    -1.909  
      iopads_inst/ptest_mode/C                      v     test_modeI                            PDIDGZ   0.461  0.462    -1.447  
      FE_PHC7_test_modeI/A                          v     test_modeI                            BUFX3    0.021  0.482    -1.426  
      FE_PHC7_test_modeI/Y                          v     FE_PHN7_test_modeI                    BUFX3    0.154  0.636    -1.272  
      LIF_neuron_inst/RC_CG_HIER_INST1/g10__5107/B  v     FE_PHN7_test_modeI                    OR2XL    0.000  0.636    -1.272  
      LIF_neuron_inst/RC_CG_HIER_INST1/g10__5107/Y  v     LIF_neuron_inst/RC_CG_HIER_INST1/n_0  OR2XL    0.250  0.887    -1.022  
      LIF_neuron_inst/RC_CG_HIER_INST1/enl_reg/D    v     LIF_neuron_inst/RC_CG_HIER_INST1/n_0  TLATNXL  0.000  0.887    -1.022  
      ---------------------------------------------------------------------------------------------------------------------------
     Clock Rise Edge                      0.000
     + Source Insertion Delay            -1.862
     = Beginpoint Arrival Time           -1.862
     Other End Path:
      -------------------------------------------------------------------------------------------
      Pin                                          Edge  Net   Cell     Delay   Arrival  Required  
                                                                                Time     Time  
      -------------------------------------------------------------------------------------------
      clk                                          ^     clk   -        -       -1.862   0.047  
      iopads_inst/pclck/PAD                        ^     clk   PDIDGZ   0.000   -1.862   0.047  
      iopads_inst/pclck/C                          ^     clkI  PDIDGZ   0.938   -0.924   0.985  
      LIF_neuron_inst/RC_CG_HIER_INST1/enl_reg/GN  ^     clkI  TLATNXL  -0.016  -0.940   0.969  
      -------------------------------------------------------------------------------------------
Path 12: MET Hold Check with Pin LIF_neuron_inst/RC_CG_HIER_INST2/enl_reg/GN 
Endpoint:   LIF_neuron_inst/RC_CG_HIER_INST2/enl_reg/D (v) checked with  leading edge of 'clk'
Beginpoint: test_mode                                  (v) triggered by  leading edge of '@'
Path Groups: {clk}
Analysis View: ana_1
Other End Arrival Time         -0.940
+ Hold                         -0.083
+ Phase Shift                   0.000
= Required Time                -1.022
  Arrival Time                  0.889
  Slack Time                    1.911
     Clock Rise Edge                      0.000
     + Input Delay                        0.000
     = Beginpoint Arrival Time            0.000
     Timing Path:
      ---------------------------------------------------------------------------------------------------------------------------
      Pin                                           Edge  Net                                   Cell     Delay  Arrival  Required  
                                                                                                                Time     Time  
      ---------------------------------------------------------------------------------------------------------------------------
      test_mode                                     v     test_mode                             -        -      0.000    -1.911  
      iopads_inst/ptest_mode/PAD                    v     test_mode                             PDIDGZ   0.000  0.000    -1.911  
      iopads_inst/ptest_mode/C                      v     test_modeI                            PDIDGZ   0.461  0.462    -1.450  
      FE_PHC7_test_modeI/A                          v     test_modeI                            BUFX3    0.021  0.482    -1.429  
      FE_PHC7_test_modeI/Y                          v     FE_PHN7_test_modeI                    BUFX3    0.154  0.636    -1.275  
      LIF_neuron_inst/RC_CG_HIER_INST2/g10__4319/B  v     FE_PHN7_test_modeI                    OR2XL    0.000  0.636    -1.275  
      LIF_neuron_inst/RC_CG_HIER_INST2/g10__4319/Y  v     LIF_neuron_inst/RC_CG_HIER_INST2/n_0  OR2XL    0.253  0.889    -1.022  
      LIF_neuron_inst/RC_CG_HIER_INST2/enl_reg/D    v     LIF_neuron_inst/RC_CG_HIER_INST2/n_0  TLATNXL  0.000  0.889    -1.022  
      ---------------------------------------------------------------------------------------------------------------------------
     Clock Rise Edge                      0.000
     + Source Insertion Delay            -1.862
     = Beginpoint Arrival Time           -1.862
     Other End Path:
      -------------------------------------------------------------------------------------------
      Pin                                          Edge  Net   Cell     Delay   Arrival  Required  
                                                                                Time     Time  
      -------------------------------------------------------------------------------------------
      clk                                          ^     clk   -        -       -1.862   0.050  
      iopads_inst/pclck/PAD                        ^     clk   PDIDGZ   0.000   -1.862   0.050  
      iopads_inst/pclck/C                          ^     clkI  PDIDGZ   0.938   -0.924   0.988  
      LIF_neuron_inst/RC_CG_HIER_INST2/enl_reg/GN  ^     clkI  TLATNXL  -0.016  -0.940   0.972  
      -------------------------------------------------------------------------------------------
Path 13: MET Removal Check with Pin LIF_neuron_inst/r_leak_en_reg/CK 
Endpoint:   LIF_neuron_inst/r_leak_en_reg/RN (^) checked with  leading edge of 'clk'
Beginpoint: rst_n                            (^) triggered by  leading edge of 'clk'
Path Groups: {async_default}
Analysis View: ana_1
Other End Arrival Time         -0.939
+ Removal                      -0.075
+ Phase Shift                   0.000
= Required Time                -1.014
  Arrival Time                  0.929
  Slack Time                    1.943
     Clock Rise Edge                      0.000
     = Beginpoint Arrival Time            0.000
     Timing Path:
      ---------------------------------------------------------------------------------
      Pin                               Edge  Net     Cell    Delay   Arrival  Required  
                                                                      Time     Time  
      ---------------------------------------------------------------------------------
      rst_n                             ^     rst_n   -       -       0.000    -1.943  
      iopads_inst/prst_n/PAD            ^     rst_n   PDIDGZ  0.000   0.000    -1.943  
      iopads_inst/prst_n/C              ^     rst_nI  PDIDGZ  0.944   0.944    -0.999  
      LIF_neuron_inst/r_leak_en_reg/RN  ^     rst_nI  DFFRX1  -0.016  0.929    -1.014  
      ---------------------------------------------------------------------------------
     Clock Rise Edge                      0.000
     + Source Insertion Delay            -1.862
     = Beginpoint Arrival Time           -1.862
     Other End Path:
      -------------------------------------------------------------------------------
      Pin                               Edge  Net   Cell    Delay   Arrival  Required  
                                                                    Time     Time  
      -------------------------------------------------------------------------------
      clk                               ^     clk   -       -       -1.862   0.081  
      iopads_inst/pclck/PAD             ^     clk   PDIDGZ  0.000   -1.862   0.081  
      iopads_inst/pclck/C               ^     clkI  PDIDGZ  0.938   -0.924   1.019  
      LIF_neuron_inst/r_leak_en_reg/CK  ^     clkI  DFFRX1  -0.016  -0.939   1.003  
      -------------------------------------------------------------------------------
Path 14: MET Removal Check with Pin LIF_neuron_inst/r_spike_reg/CK 
Endpoint:   LIF_neuron_inst/r_spike_reg/RN (^) checked with  leading edge of 'clk'
Beginpoint: rst_n                          (^) triggered by  leading edge of 'clk'
Path Groups: {async_default}
Analysis View: ana_1
Other End Arrival Time         -0.939
+ Removal                      -0.075
+ Phase Shift                   0.000
= Required Time                -1.014
  Arrival Time                  0.929
  Slack Time                    1.943
     Clock Rise Edge                      0.000
     = Beginpoint Arrival Time            0.000
     Timing Path:
      -------------------------------------------------------------------------------
      Pin                             Edge  Net     Cell    Delay   Arrival  Required  
                                                                    Time     Time  
      -------------------------------------------------------------------------------
      rst_n                           ^     rst_n   -       -       0.000    -1.943  
      iopads_inst/prst_n/PAD          ^     rst_n   PDIDGZ  0.000   0.000    -1.943  
      iopads_inst/prst_n/C            ^     rst_nI  PDIDGZ  0.944   0.944    -0.999  
      LIF_neuron_inst/r_spike_reg/RN  ^     rst_nI  DFFRX1  -0.015  0.929    -1.014  
      -------------------------------------------------------------------------------
     Clock Rise Edge                      0.000
     + Source Insertion Delay            -1.862
     = Beginpoint Arrival Time           -1.862
     Other End Path:
      -----------------------------------------------------------------------------
      Pin                             Edge  Net   Cell    Delay   Arrival  Required  
                                                                  Time     Time  
      -----------------------------------------------------------------------------
      clk                             ^     clk   -       -       -1.862   0.081  
      iopads_inst/pclck/PAD           ^     clk   PDIDGZ  0.000   -1.862   0.081  
      iopads_inst/pclck/C             ^     clkI  PDIDGZ  0.938   -0.924   1.019  
      LIF_neuron_inst/r_spike_reg/CK  ^     clkI  DFFRX1  -0.016  -0.939   1.004  
      -----------------------------------------------------------------------------
Path 15: MET Hold Check with Pin LIF_neuron_inst/r_acc_V_reg[0]/CK 
Endpoint:   LIF_neuron_inst/r_acc_V_reg[0]/D (v) checked with  leading edge of 'clk'
Beginpoint: i_wspike[0]                      (v) triggered by  leading edge of 'clk'
Path Groups: {clk}
Analysis View: ana_1
Other End Arrival Time         -0.610
+ Hold                         -0.033
+ Phase Shift                   0.000
= Required Time                -0.642
  Arrival Time                  1.317
  Slack Time                    1.959
     Clock Rise Edge                      0.000
     + Input Delay                        0.000
     = Beginpoint Arrival Time            0.000
     Timing Path:
      ------------------------------------------------------------------------------------------------
      Pin                               Edge  Net                   Cell      Delay  Arrival  Required  
                                                                                     Time     Time  
      ------------------------------------------------------------------------------------------------
      i_wspike[0]                       v     i_wspike[0]           -         -      0.000    -1.959  
      iopads_inst/pwspike0/PAD          v     i_wspike[0]           PDIDGZ    0.000  0.000    -1.959  
      iopads_inst/pwspike0/C            v     wspikeI[0]            PDIDGZ    0.462  0.462    -1.498  
      LIF_neuron_inst/g1881__7482/C     v     wspikeI[0]            NAND3BXL  0.020  0.482    -1.477  
      LIF_neuron_inst/g1881__7482/Y     ^     LIF_neuron_inst/n_23  NAND3BXL  0.223  0.705    -1.254  
      LIF_neuron_inst/g1868__3680/A1    ^     LIF_neuron_inst/n_23  AOI21XL   0.000  0.705    -1.254  
      LIF_neuron_inst/g1868__3680/Y     v     LIF_neuron_inst/n_35  AOI21XL   0.123  0.829    -1.131  
      LIF_neuron_inst/g1861__2398/B     v     LIF_neuron_inst/n_35  XNOR2XL   0.000  0.829    -1.131  
      LIF_neuron_inst/g1861__2398/Y     ^     LIF_neuron_inst/n_43  XNOR2XL   0.386  1.215    -0.745  
      LIF_neuron_inst/g1844__8246/A1    ^     LIF_neuron_inst/n_43  AOI21XL   0.000  1.215    -0.745  
      LIF_neuron_inst/g1844__8246/Y     v     LIF_neuron_inst/n_60  AOI21XL   0.102  1.317    -0.642  
      LIF_neuron_inst/r_acc_V_reg[0]/D  v     LIF_neuron_inst/n_60  DFFRX1    0.000  1.317    -0.642  
      ------------------------------------------------------------------------------------------------
     Clock Rise Edge                      0.000
     + Source Insertion Delay            -1.862
     = Beginpoint Arrival Time           -1.862
     Other End Path:
      --------------------------------------------------------------------------------------------------------------
      Pin                                           Edge  Net                      Cell    Delay   Arrival  Required  
                                                                                                   Time     Time  
      --------------------------------------------------------------------------------------------------------------
      clk                                           ^     clk                      -       -       -1.862   0.098  
      iopads_inst/pclck/PAD                         ^     clk                      PDIDGZ  0.000   -1.862   0.098  
      iopads_inst/pclck/C                           ^     clkI                     PDIDGZ  0.938   -0.924   1.036  
      LIF_neuron_inst/RC_CG_HIER_INST1/g15__2398/A  ^     clkI                     AND2XL  -0.016  -0.939   1.020  
      LIF_neuron_inst/RC_CG_HIER_INST1/g15__2398/Y  ^     LIF_neuron_inst/rc_gclk  AND2XL  0.329   -0.610   1.350  
      LIF_neuron_inst/r_acc_V_reg[0]/CK             ^     LIF_neuron_inst/rc_gclk  DFFRX1  0.000   -0.610   1.350  
      --------------------------------------------------------------------------------------------------------------
Path 16: MET Hold Check with Pin LIF_neuron_inst/r_acc_V_reg[1]/CK 
Endpoint:   LIF_neuron_inst/r_acc_V_reg[1]/D (v) checked with  leading edge of 'clk'
Beginpoint: i_wspike[0]                      (v) triggered by  leading edge of 'clk'
Path Groups: {clk}
Analysis View: ana_1
Other End Arrival Time         -0.610
+ Hold                         -0.035
+ Phase Shift                   0.000
= Required Time                -0.645
  Arrival Time                  1.409
  Slack Time                    2.054
     Clock Rise Edge                      0.000
     + Input Delay                        0.000
     = Beginpoint Arrival Time            0.000
     Timing Path:
      ------------------------------------------------------------------------------------------------
      Pin                               Edge  Net                   Cell      Delay  Arrival  Required  
                                                                                     Time     Time  
      ------------------------------------------------------------------------------------------------
      i_wspike[0]                       v     i_wspike[0]           -         -      0.000    -2.054  
      iopads_inst/pwspike0/PAD          v     i_wspike[0]           PDIDGZ    0.000  0.000    -2.054  
      iopads_inst/pwspike0/C            v     wspikeI[0]            PDIDGZ    0.462  0.462    -1.593  
      LIF_neuron_inst/g1881__7482/C     v     wspikeI[0]            NAND3BXL  0.020  0.482    -1.572  
      LIF_neuron_inst/g1881__7482/Y     ^     LIF_neuron_inst/n_23  NAND3BXL  0.223  0.705    -1.349  
      LIF_neuron_inst/g1870__2802/B     ^     LIF_neuron_inst/n_23  NOR2XL    0.000  0.705    -1.349  
      LIF_neuron_inst/g1870__2802/Y     v     LIF_neuron_inst/n_33  NOR2XL    0.187  0.892    -1.162  
      LIF_neuron_inst/g1858__7410/A     v     LIF_neuron_inst/n_33  XOR2XL    0.000  0.892    -1.162  
      LIF_neuron_inst/g1858__7410/Y     v     LIF_neuron_inst/n_46  XOR2XL    0.231  1.123    -0.931  
      LIF_neuron_inst/g1852__6161/A0    v     LIF_neuron_inst/n_46  AOI22XL   0.000  1.123    -0.931  
      LIF_neuron_inst/g1852__6161/Y     ^     LIF_neuron_inst/n_53  AOI22XL   0.156  1.279    -0.775  
      LIF_neuron_inst/g1842__1705/A1    ^     LIF_neuron_inst/n_53  AOI21XL   0.000  1.279    -0.775  
      LIF_neuron_inst/g1842__1705/Y     v     LIF_neuron_inst/n_62  AOI21XL   0.130  1.409    -0.645  
      LIF_neuron_inst/r_acc_V_reg[1]/D  v     LIF_neuron_inst/n_62  DFFRX1    0.000  1.409    -0.645  
      ------------------------------------------------------------------------------------------------
     Clock Rise Edge                      0.000
     + Source Insertion Delay            -1.862
     = Beginpoint Arrival Time           -1.862
     Other End Path:
      --------------------------------------------------------------------------------------------------------------
      Pin                                           Edge  Net                      Cell    Delay   Arrival  Required  
                                                                                                   Time     Time  
      --------------------------------------------------------------------------------------------------------------
      clk                                           ^     clk                      -       -       -1.862   0.193  
      iopads_inst/pclck/PAD                         ^     clk                      PDIDGZ  0.000   -1.862   0.193  
      iopads_inst/pclck/C                           ^     clkI                     PDIDGZ  0.938   -0.924   1.131  
      LIF_neuron_inst/RC_CG_HIER_INST1/g15__2398/A  ^     clkI                     AND2XL  -0.016  -0.939   1.115  
      LIF_neuron_inst/RC_CG_HIER_INST1/g15__2398/Y  ^     LIF_neuron_inst/rc_gclk  AND2XL  0.329   -0.610   1.445  
      LIF_neuron_inst/r_acc_V_reg[1]/CK             ^     LIF_neuron_inst/rc_gclk  DFFRX1  0.000   -0.610   1.445  
      --------------------------------------------------------------------------------------------------------------
Path 17: MET Hold Check with Pin LIF_neuron_inst/r_acc_V_reg[4]/CK 
Endpoint:   LIF_neuron_inst/r_acc_V_reg[4]/D (v) checked with  leading edge of 'clk'
Beginpoint: i_recc                           (v) triggered by  leading edge of 'clk'
Path Groups: {clk}
Analysis View: ana_1
Other End Arrival Time         -0.610
+ Hold                         -0.035
+ Phase Shift                   0.000
= Required Time                -0.644
  Arrival Time                  1.476
  Slack Time                    2.120
     Clock Rise Edge                      0.000
     + Input Delay                        0.000
     = Beginpoint Arrival Time            0.000
     Timing Path:
      ---------------------------------------------------------------------------------------------------------
      Pin                               Edge  Net                            Cell      Delay  Arrival  Required  
                                                                                              Time     Time  
      ---------------------------------------------------------------------------------------------------------
      i_recc                            v     i_recc                         -         -      0.000    -2.120  
      iopads_inst/precc/PAD             v     i_recc                         PDIDGZ    0.000  0.000    -2.120  
      iopads_inst/precc/C               v     reccI                          PDIDGZ    0.459  0.459    -1.661  
      LIF_neuron_inst/FE_PHC6_reccI/A   v     reccI                          DLY2X1    0.019  0.478    -1.643  
      LIF_neuron_inst/FE_PHC6_reccI/Y   v     LIF_neuron_inst/FE_PHN6_reccI  DLY2X1    0.656  1.134    -0.987  
      LIF_neuron_inst/g1853__9315/C     v     LIF_neuron_inst/FE_PHN6_reccI  NAND3BXL  0.001  1.134    -0.986  
      LIF_neuron_inst/g1853__9315/Y     ^     LIF_neuron_inst/n_52           NAND3BXL  0.217  1.352    -0.769  
      LIF_neuron_inst/g1847__6131/A0    ^     LIF_neuron_inst/n_52           AOI21XL   0.000  1.352    -0.769  
      LIF_neuron_inst/g1847__6131/Y     v     LIF_neuron_inst/n_58           AOI21XL   0.124  1.476    -0.644  
      LIF_neuron_inst/r_acc_V_reg[4]/D  v     LIF_neuron_inst/n_58           DFFRX1    0.000  1.476    -0.644  
      ---------------------------------------------------------------------------------------------------------
     Clock Rise Edge                      0.000
     + Source Insertion Delay            -1.862
     = Beginpoint Arrival Time           -1.862
     Other End Path:
      --------------------------------------------------------------------------------------------------------------
      Pin                                           Edge  Net                      Cell    Delay   Arrival  Required  
                                                                                                   Time     Time  
      --------------------------------------------------------------------------------------------------------------
      clk                                           ^     clk                      -       -       -1.862   0.259  
      iopads_inst/pclck/PAD                         ^     clk                      PDIDGZ  0.000   -1.862   0.259  
      iopads_inst/pclck/C                           ^     clkI                     PDIDGZ  0.938   -0.924   1.197  
      LIF_neuron_inst/RC_CG_HIER_INST1/g15__2398/A  ^     clkI                     AND2XL  -0.016  -0.939   1.181  
      LIF_neuron_inst/RC_CG_HIER_INST1/g15__2398/Y  ^     LIF_neuron_inst/rc_gclk  AND2XL  0.329   -0.610   1.511  
      LIF_neuron_inst/r_acc_V_reg[4]/CK             ^     LIF_neuron_inst/rc_gclk  DFFRX1  0.000   -0.610   1.511  
      --------------------------------------------------------------------------------------------------------------
Path 18: MET Hold Check with Pin LIF_neuron_inst/r_acc_V_reg[3]/CK 
Endpoint:   LIF_neuron_inst/r_acc_V_reg[3]/D (v) checked with  leading edge of 'clk'
Beginpoint: i_recc                           (v) triggered by  leading edge of 'clk'
Path Groups: {clk}
Analysis View: ana_1
Other End Arrival Time         -0.610
+ Hold                         -0.033
+ Phase Shift                   0.000
= Required Time                -0.643
  Arrival Time                  1.486
  Slack Time                    2.128
     Clock Rise Edge                      0.000
     + Input Delay                        0.000
     = Beginpoint Arrival Time            0.000
     Timing Path:
      --------------------------------------------------------------------------------------------------------
      Pin                               Edge  Net                            Cell     Delay  Arrival  Required  
                                                                                             Time     Time  
      --------------------------------------------------------------------------------------------------------
      i_recc                            v     i_recc                         -        -      0.000    -2.128  
      iopads_inst/precc/PAD             v     i_recc                         PDIDGZ   0.000  0.000    -2.128  
      iopads_inst/precc/C               v     reccI                          PDIDGZ   0.459  0.459    -1.669  
      LIF_neuron_inst/FE_PHC6_reccI/A   v     reccI                          DLY2X1   0.019  0.478    -1.651  
      LIF_neuron_inst/FE_PHC6_reccI/Y   v     LIF_neuron_inst/FE_PHN6_reccI  DLY2X1   0.656  1.134    -0.995  
      LIF_neuron_inst/g1845__7098/A1    v     LIF_neuron_inst/FE_PHN6_reccI  AOI22XL  0.001  1.134    -0.994  
      LIF_neuron_inst/g1845__7098/Y     ^     LIF_neuron_inst/n_59           AOI22XL  0.228  1.363    -0.766  
      LIF_neuron_inst/g1838__2802/A0    ^     LIF_neuron_inst/n_59           AOI21XL  0.000  1.363    -0.766  
      LIF_neuron_inst/g1838__2802/Y     v     LIF_neuron_inst/n_63           AOI21XL  0.123  1.486    -0.643  
      LIF_neuron_inst/r_acc_V_reg[3]/D  v     LIF_neuron_inst/n_63           DFFRX1   0.000  1.486    -0.643  
      --------------------------------------------------------------------------------------------------------
     Clock Rise Edge                      0.000
     + Source Insertion Delay            -1.862
     = Beginpoint Arrival Time           -1.862
     Other End Path:
      --------------------------------------------------------------------------------------------------------------
      Pin                                           Edge  Net                      Cell    Delay   Arrival  Required  
                                                                                                   Time     Time  
      --------------------------------------------------------------------------------------------------------------
      clk                                           ^     clk                      -       -       -1.862   0.267  
      iopads_inst/pclck/PAD                         ^     clk                      PDIDGZ  0.000   -1.862   0.267  
      iopads_inst/pclck/C                           ^     clkI                     PDIDGZ  0.938   -0.924   1.205  
      LIF_neuron_inst/RC_CG_HIER_INST1/g15__2398/A  ^     clkI                     AND2XL  -0.016  -0.939   1.189  
      LIF_neuron_inst/RC_CG_HIER_INST1/g15__2398/Y  ^     LIF_neuron_inst/rc_gclk  AND2XL  0.329   -0.610   1.518  
      LIF_neuron_inst/r_acc_V_reg[3]/CK             ^     LIF_neuron_inst/rc_gclk  DFFRX1  0.000   -0.610   1.519  
      --------------------------------------------------------------------------------------------------------------
Path 19: MET Hold Check with Pin LIF_neuron_inst/r_acc_V_reg[2]/CK 
Endpoint:   LIF_neuron_inst/r_acc_V_reg[2]/D (v) checked with  leading edge of 'clk'
Beginpoint: i_recc                           (v) triggered by  leading edge of 'clk'
Path Groups: {clk}
Analysis View: ana_1
Other End Arrival Time         -0.610
+ Hold                         -0.035
+ Phase Shift                   0.000
= Required Time                -0.645
  Arrival Time                  1.492
  Slack Time                    2.137
     Clock Rise Edge                      0.000
     + Input Delay                        0.000
     = Beginpoint Arrival Time            0.000
     Timing Path:
      --------------------------------------------------------------------------------------------------------
      Pin                               Edge  Net                            Cell     Delay  Arrival  Required  
                                                                                             Time     Time  
      --------------------------------------------------------------------------------------------------------
      i_recc                            v     i_recc                         -        -      0.000    -2.137  
      iopads_inst/precc/PAD             v     i_recc                         PDIDGZ   0.000  0.000    -2.137  
      iopads_inst/precc/C               v     reccI                          PDIDGZ   0.459  0.459    -1.678  
      LIF_neuron_inst/FE_PHC6_reccI/A   v     reccI                          DLY2X1   0.019  0.478    -1.659  
      LIF_neuron_inst/FE_PHC6_reccI/Y   v     LIF_neuron_inst/FE_PHN6_reccI  DLY2X1   0.656  1.134    -1.003  
      LIF_neuron_inst/g1848__1881/A1    v     LIF_neuron_inst/FE_PHN6_reccI  AOI22XL  0.001  1.135    -1.002  
      LIF_neuron_inst/g1848__1881/Y     ^     LIF_neuron_inst/n_56           AOI22XL  0.227  1.361    -0.776  
      LIF_neuron_inst/g1843__5122/A1    ^     LIF_neuron_inst/n_56           AOI21XL  0.000  1.361    -0.776  
      LIF_neuron_inst/g1843__5122/Y     v     LIF_neuron_inst/n_61           AOI21XL  0.131  1.492    -0.645  
      LIF_neuron_inst/r_acc_V_reg[2]/D  v     LIF_neuron_inst/n_61           DFFRX1   0.000  1.492    -0.645  
      --------------------------------------------------------------------------------------------------------
     Clock Rise Edge                      0.000
     + Source Insertion Delay            -1.862
     = Beginpoint Arrival Time           -1.862
     Other End Path:
      --------------------------------------------------------------------------------------------------------------
      Pin                                           Edge  Net                      Cell    Delay   Arrival  Required  
                                                                                                   Time     Time  
      --------------------------------------------------------------------------------------------------------------
      clk                                           ^     clk                      -       -       -1.862   0.275  
      iopads_inst/pclck/PAD                         ^     clk                      PDIDGZ  0.000   -1.862   0.275  
      iopads_inst/pclck/C                           ^     clkI                     PDIDGZ  0.938   -0.924   1.213  
      LIF_neuron_inst/RC_CG_HIER_INST1/g15__2398/A  ^     clkI                     AND2XL  -0.016  -0.939   1.198  
      LIF_neuron_inst/RC_CG_HIER_INST1/g15__2398/Y  ^     LIF_neuron_inst/rc_gclk  AND2XL  0.329   -0.610   1.527  
      LIF_neuron_inst/r_acc_V_reg[2]/CK             ^     LIF_neuron_inst/rc_gclk  DFFRX1  0.000   -0.610   1.527  
      --------------------------------------------------------------------------------------------------------------
Path 20: MET Hold Check with Pin LIF_neuron_inst/r_refrac_reg[1]/CK 
Endpoint:   LIF_neuron_inst/r_refrac_reg[1]/D (^) checked with  leading edge of 'clk'
Beginpoint: LIF_neuron_inst/r_spike_reg/Q     (v) triggered by  leading edge of 'clk'
Path Groups: {clk}
Analysis View: ana_1
Other End Arrival Time         -0.695
+ Hold                         -0.100
+ Phase Shift                   0.000
= Required Time                -0.795
  Arrival Time                  1.956
  Slack Time                    2.751
     Clock Rise Edge                      0.000
     = Beginpoint Arrival Time            0.000
     Timing Path:
      ----------------------------------------------------------------------------------------------------------
      Pin                                Edge  Net                             Cell    Delay   Arrival  Required  
                                                                                               Time     Time  
      ----------------------------------------------------------------------------------------------------------
      clk                                ^     clk                             -       -       0.000    -2.751  
      iopads_inst/pclck/PAD              ^     clk                             PDIDGZ  0.000   0.000    -2.751  
      iopads_inst/pclck/C                ^     clkI                            PDIDGZ  0.938   0.938    -1.813  
      LIF_neuron_inst/r_spike_reg/CK     ^     clkI                            DFFRX1  -0.016  0.922    -1.828  
      LIF_neuron_inst/r_spike_reg/Q      v     LIF_neuron_inst/FE_OFN5_spikeO  DFFRX1  0.601   1.523    -1.227  
      LIF_neuron_inst/FE_OFC5_spikeO/A   v     LIF_neuron_inst/FE_OFN5_spikeO  BUFX3   0.000   1.523    -1.227  
      LIF_neuron_inst/FE_OFC5_spikeO/Y   v     spikeO                          BUFX3   0.275   1.799    -0.952  
      LIF_neuron_inst/g1890__2346/B      v     spikeO                          NOR2XL  0.001   1.800    -0.951  
      LIF_neuron_inst/g1890__2346/Y      ^     LIF_neuron_inst/n_16            NOR2XL  0.156   1.956    -0.795  
      LIF_neuron_inst/r_refrac_reg[1]/D  ^     LIF_neuron_inst/n_16            DFFRX1  0.000   1.956    -0.795  
      ----------------------------------------------------------------------------------------------------------
     Clock Rise Edge                      0.000
     + Source Insertion Delay            -1.862
     = Beginpoint Arrival Time           -1.862
     Other End Path:
      ------------------------------------------------------------------------------------------------------------------
      Pin                                           Edge  Net                          Cell    Delay   Arrival  Required  
                                                                                                       Time     Time  
      ------------------------------------------------------------------------------------------------------------------
      clk                                           ^     clk                          -       -       -1.862   0.889  
      iopads_inst/pclck/PAD                         ^     clk                          PDIDGZ  0.000   -1.862   0.889  
      iopads_inst/pclck/C                           ^     clkI                         PDIDGZ  0.938   -0.924   1.827  
      LIF_neuron_inst/RC_CG_HIER_INST2/g15__6260/A  ^     clkI                         AND2XL  -0.016  -0.940   1.811  
      LIF_neuron_inst/RC_CG_HIER_INST2/g15__6260/Y  ^     LIF_neuron_inst/rc_gclk_775  AND2XL  0.244   -0.695   2.055  
      LIF_neuron_inst/r_refrac_reg[1]/CK            ^     LIF_neuron_inst/rc_gclk_775  DFFRX1  0.000   -0.695   2.055  
      ------------------------------------------------------------------------------------------------------------------
Path 21: MET Hold Check with Pin LIF_neuron_inst/r_refrac_reg[0]/CK 
Endpoint:   LIF_neuron_inst/r_refrac_reg[0]/D (v) checked with  leading edge of 'clk'
Beginpoint: LIF_neuron_inst/r_spike_reg/Q     (v) triggered by  leading edge of 'clk'
Path Groups: {clk}
Analysis View: ana_1
Other End Arrival Time         -0.695
+ Hold                         -0.048
+ Phase Shift                   0.000
= Required Time                -0.744
  Arrival Time                  2.012
  Slack Time                    2.755
     Clock Rise Edge                      0.000
     = Beginpoint Arrival Time            0.000
     Timing Path:
      ------------------------------------------------------------------------------------------------------------
      Pin                                Edge  Net                             Cell      Delay   Arrival  Required  
                                                                                                 Time     Time  
      ------------------------------------------------------------------------------------------------------------
      clk                                ^     clk                             -         -       0.000    -2.755  
      iopads_inst/pclck/PAD              ^     clk                             PDIDGZ    0.000   0.000    -2.755  
      iopads_inst/pclck/C                ^     clkI                            PDIDGZ    0.938   0.938    -1.817  
      LIF_neuron_inst/r_spike_reg/CK     ^     clkI                            DFFRX1    -0.016  0.922    -1.833  
      LIF_neuron_inst/r_spike_reg/Q      v     LIF_neuron_inst/FE_OFN5_spikeO  DFFRX1    0.601   1.523    -1.232  
      LIF_neuron_inst/FE_OFC5_spikeO/A   v     LIF_neuron_inst/FE_OFN5_spikeO  BUFX3     0.000   1.523    -1.232  
      LIF_neuron_inst/FE_OFC5_spikeO/Y   v     spikeO                          BUFX3     0.275   1.799    -0.957  
      LIF_neuron_inst/g1905__6783/AN     v     spikeO                          NAND2BXL  0.001   1.799    -0.956  
      LIF_neuron_inst/g1905__6783/Y      v     LIF_neuron_inst/n_2             NAND2BXL  0.212   2.011    -0.744  
      LIF_neuron_inst/r_refrac_reg[0]/D  v     LIF_neuron_inst/n_2             DFFRX1    0.000   2.012    -0.744  
      ------------------------------------------------------------------------------------------------------------
     Clock Rise Edge                      0.000
     + Source Insertion Delay            -1.862
     = Beginpoint Arrival Time           -1.862
     Other End Path:
      ------------------------------------------------------------------------------------------------------------------
      Pin                                           Edge  Net                          Cell    Delay   Arrival  Required  
                                                                                                       Time     Time  
      ------------------------------------------------------------------------------------------------------------------
      clk                                           ^     clk                          -       -       -1.862   0.893  
      iopads_inst/pclck/PAD                         ^     clk                          PDIDGZ  0.000   -1.862   0.893  
      iopads_inst/pclck/C                           ^     clkI                         PDIDGZ  0.938   -0.924   1.832  
      LIF_neuron_inst/RC_CG_HIER_INST2/g15__6260/A  ^     clkI                         AND2XL  -0.016  -0.940   1.815  
      LIF_neuron_inst/RC_CG_HIER_INST2/g15__6260/Y  ^     LIF_neuron_inst/rc_gclk_775  AND2XL  0.244   -0.695   2.060  
      LIF_neuron_inst/r_refrac_reg[0]/CK            ^     LIF_neuron_inst/rc_gclk_775  DFFRX1  0.000   -0.695   2.060  
      ------------------------------------------------------------------------------------------------------------------
Path 22: MET Hold Check with Pin LIF_neuron_inst/r_refrac_reg[2]/CK 
Endpoint:   LIF_neuron_inst/r_refrac_reg[2]/D (v) checked with  leading edge of 'clk'
Beginpoint: LIF_neuron_inst/r_refrac_reg[2]/Q (v) triggered by  leading edge of 'clk'
Path Groups: {clk}
Analysis View: ana_1
Other End Arrival Time         -0.695
+ Hold                         -0.055
+ Phase Shift                   0.000
= Required Time                -0.750
  Arrival Time                  2.052
  Slack Time                    2.802
     Clock Rise Edge                      0.000
     = Beginpoint Arrival Time            0.000
     Timing Path:
      --------------------------------------------------------------------------------------------------------------------
      Pin                                           Edge  Net                          Cell      Delay   Arrival  Required  
                                                                                                         Time     Time  
      --------------------------------------------------------------------------------------------------------------------
      clk                                           ^     clk                          -         -       0.000    -2.802  
      iopads_inst/pclck/PAD                         ^     clk                          PDIDGZ    0.000   0.000    -2.802  
      iopads_inst/pclck/C                           ^     clkI                         PDIDGZ    0.938   0.938    -1.864  
      LIF_neuron_inst/RC_CG_HIER_INST2/g15__6260/A  ^     clkI                         AND2XL    -0.016  0.922    -1.880  
      LIF_neuron_inst/RC_CG_HIER_INST2/g15__6260/Y  ^     LIF_neuron_inst/rc_gclk_775  AND2XL    0.244   1.166    -1.635  
      LIF_neuron_inst/r_refrac_reg[2]/CK            ^     LIF_neuron_inst/rc_gclk_775  DFFRX1    0.000   1.166    -1.635  
      LIF_neuron_inst/r_refrac_reg[2]/Q             v     LIF_neuron_inst/r_refrac[2]  DFFRX1    0.637   1.803    -0.998  
      LIF_neuron_inst/g1891__1666/B                 v     LIF_neuron_inst/r_refrac[2]  NAND2BXL  0.000   1.803    -0.998  
      LIF_neuron_inst/g1891__1666/Y                 ^     LIF_neuron_inst/n_15         NAND2BXL  0.133   1.936    -0.865  
      LIF_neuron_inst/g1885__9315/B                 ^     LIF_neuron_inst/n_15         NAND3BXL  0.000   1.936    -0.865  
      LIF_neuron_inst/g1885__9315/Y                 v     LIF_neuron_inst/n_19         NAND3BXL  0.115   2.052    -0.750  
      LIF_neuron_inst/r_refrac_reg[2]/D             v     LIF_neuron_inst/n_19         DFFRX1    0.000   2.052    -0.750  
      --------------------------------------------------------------------------------------------------------------------
     Clock Rise Edge                      0.000
     + Source Insertion Delay            -1.862
     = Beginpoint Arrival Time           -1.862
     Other End Path:
      ------------------------------------------------------------------------------------------------------------------
      Pin                                           Edge  Net                          Cell    Delay   Arrival  Required  
                                                                                                       Time     Time  
      ------------------------------------------------------------------------------------------------------------------
      clk                                           ^     clk                          -       -       -1.862   0.940  
      iopads_inst/pclck/PAD                         ^     clk                          PDIDGZ  0.000   -1.862   0.940  
      iopads_inst/pclck/C                           ^     clkI                         PDIDGZ  0.938   -0.924   1.878  
      LIF_neuron_inst/RC_CG_HIER_INST2/g15__6260/A  ^     clkI                         AND2XL  -0.016  -0.940   1.862  
      LIF_neuron_inst/RC_CG_HIER_INST2/g15__6260/Y  ^     LIF_neuron_inst/rc_gclk_775  AND2XL  0.244   -0.695   2.107  
      LIF_neuron_inst/r_refrac_reg[2]/CK            ^     LIF_neuron_inst/rc_gclk_775  DFFRX1  0.000   -0.695   2.107  
      ------------------------------------------------------------------------------------------------------------------
Path 23: MET Hold Check with Pin LIF_neuron_inst/r_spike_reg/CK 
Endpoint:   LIF_neuron_inst/r_spike_reg/D     (v) checked with  leading edge of 'clk'
Beginpoint: LIF_neuron_inst/r_acc_V_reg[4]/QN (^) triggered by  leading edge of 'clk'
Path Groups: {clk}
Analysis View: ana_1
Other End Arrival Time         -0.939
+ Hold                         -0.059
+ Phase Shift                   0.000
= Required Time                -0.998
  Arrival Time                  1.874
  Slack Time                    2.872
     Clock Rise Edge                      0.000
     = Beginpoint Arrival Time            0.000
     Timing Path:
      ---------------------------------------------------------------------------------------------------------------
      Pin                                           Edge  Net                      Cell     Delay   Arrival  Required  
                                                                                                    Time     Time  
      ---------------------------------------------------------------------------------------------------------------
      clk                                           ^     clk                      -        -       0.000    -2.872  
      iopads_inst/pclck/PAD                         ^     clk                      PDIDGZ   0.000   0.000    -2.872  
      iopads_inst/pclck/C                           ^     clkI                     PDIDGZ   0.938   0.938    -1.934  
      LIF_neuron_inst/RC_CG_HIER_INST1/g15__2398/A  ^     clkI                     AND2XL   -0.016  0.922    -1.950  
      LIF_neuron_inst/RC_CG_HIER_INST1/g15__2398/Y  ^     LIF_neuron_inst/rc_gclk  AND2XL   0.329   1.252    -1.620  
      LIF_neuron_inst/r_acc_V_reg[4]/CK             ^     LIF_neuron_inst/rc_gclk  DFFRX1   0.000   1.252    -1.620  
      LIF_neuron_inst/r_acc_V_reg[4]/QN             ^     LIF_neuron_inst/n_0      DFFRX1   0.516   1.768    -1.104  
      LIF_neuron_inst/g1889__2883/A0                ^     LIF_neuron_inst/n_0      AOI21XL  0.000   1.768    -1.104  
      LIF_neuron_inst/g1889__2883/Y                 v     LIF_neuron_inst/n_17     AOI21XL  0.105   1.873    -0.999  
      LIF_neuron_inst/r_spike_reg/D                 v     LIF_neuron_inst/n_17     DFFRX1   0.000   1.874    -0.998  
      ---------------------------------------------------------------------------------------------------------------
     Clock Rise Edge                      0.000
     + Source Insertion Delay            -1.862
     = Beginpoint Arrival Time           -1.862
     Other End Path:
      -----------------------------------------------------------------------------
      Pin                             Edge  Net   Cell    Delay   Arrival  Required  
                                                                  Time     Time  
      -----------------------------------------------------------------------------
      clk                             ^     clk   -       -       -1.862   1.010  
      iopads_inst/pclck/PAD           ^     clk   PDIDGZ  0.000   -1.862   1.010  
      iopads_inst/pclck/C             ^     clkI  PDIDGZ  0.938   -0.924   1.949  
      LIF_neuron_inst/r_spike_reg/CK  ^     clkI  DFFRX1  -0.016  -0.939   1.933  
      -----------------------------------------------------------------------------
Path 24: MET Early External Delay Assertion 
Endpoint:   o_spike                       (v) checked with  leading edge of 'clk'
Beginpoint: LIF_neuron_inst/r_spike_reg/Q (v) triggered by  leading edge of 'clk'
Path Groups: {clk}
Analysis View: ana_1
Other End Arrival Time          0.000
- External Delay                0.000
+ Phase Shift                   0.000
= Required Time                -0.000
  Arrival Time                  3.439
  Slack Time                    3.439
     Clock Rise Edge                      0.000
     = Beginpoint Arrival Time            0.000
      -------------------------------------------------------------------------------------------------------------------
      Pin                               Edge  Net                             Cell              Delay   Arrival  Required  
                                                                                                        Time     Time  
      -------------------------------------------------------------------------------------------------------------------
      clk                               ^     clk                             -                 -       0.000    -3.439  
      iopads_inst/pclck/PAD             ^     clk                             PDIDGZ            0.000   0.000    -3.439  
      iopads_inst/pclck/C               ^     clkI                            PDIDGZ            0.938   0.938    -2.501  
      LIF_neuron_inst/r_spike_reg/CK    ^     clkI                            DFFRX1            -0.016  0.922    -2.517  
      LIF_neuron_inst/r_spike_reg/Q     v     LIF_neuron_inst/FE_OFN5_spikeO  DFFRX1            0.601   1.523    -1.916  
      LIF_neuron_inst/FE_OFC5_spikeO/A  v     LIF_neuron_inst/FE_OFN5_spikeO  BUFX3             0.000   1.523    -1.916  
      LIF_neuron_inst/FE_OFC5_spikeO/Y  v     spikeO                          BUFX3             0.275   1.799    -1.641  
      iopads_inst/pspike/I              v     spikeO                          PDO04CDG          -0.102  1.697    -1.742  
      iopads_inst/pspike/PAD            v     o_spike                         PDO04CDG          1.742   3.439    -0.000  
      o_spike                           v     o_spike                         LIF_neuron_m_top  0.000   3.439    -0.000  
      -------------------------------------------------------------------------------------------------------------------
Path 25: MET Early External Delay Assertion 
Endpoint:   o_V[4]                           (v) checked with  leading edge of 'clk'
Beginpoint: LIF_neuron_inst/r_acc_V_reg[4]/Q (v) triggered by  leading edge of 'clk'
Path Groups: {clk}
Analysis View: ana_1
Other End Arrival Time          0.000
- External Delay                0.000
+ Phase Shift                   0.000
= Required Time                -0.000
  Arrival Time                  3.757
  Slack Time                    3.757
     Clock Rise Edge                      0.000
     = Beginpoint Arrival Time            0.000
      -----------------------------------------------------------------------------------------------------------------------------
      Pin                                           Edge  Net                           Cell              Delay   Arrival  Required  
                                                                                                                  Time     Time  
      -----------------------------------------------------------------------------------------------------------------------------
      clk                                           ^     clk                           -                 -       0.000    -3.758  
      iopads_inst/pclck/PAD                         ^     clk                           PDIDGZ            0.000   0.000    -3.758  
      iopads_inst/pclck/C                           ^     clkI                          PDIDGZ            0.938   0.938    -2.819  
      LIF_neuron_inst/RC_CG_HIER_INST1/g15__2398/A  ^     clkI                          AND2XL            -0.016  0.922    -2.835  
      LIF_neuron_inst/RC_CG_HIER_INST1/g15__2398/Y  ^     LIF_neuron_inst/rc_gclk       AND2XL            0.329   1.252    -2.506  
      LIF_neuron_inst/r_acc_V_reg[4]/CK             ^     LIF_neuron_inst/rc_gclk       DFFRX1            0.000   1.252    -2.505  
      LIF_neuron_inst/r_acc_V_reg[4]/Q              v     LIF_neuron_inst/FE_OFN4_vO_4  DFFRX1            0.608   1.860    -1.897  
      LIF_neuron_inst/FE_OFC4_vO_4/A                v     LIF_neuron_inst/FE_OFN4_vO_4  BUFX3             0.000   1.860    -1.897  
      LIF_neuron_inst/FE_OFC4_vO_4/Y                v     vO[4]                         BUFX3             0.257   2.118    -1.640  
      iopads_inst/pv4/I                             v     vO[4]                         PDO04CDG          -0.103  2.015    -1.742  
      iopads_inst/pv4/PAD                           v     o_V[4]                        PDO04CDG          1.742   3.757    -0.000  
      o_V[4]                                        v     o_V[4]                        LIF_neuron_m_top  0.000   3.757    -0.000  
      -----------------------------------------------------------------------------------------------------------------------------
Path 26: MET Early External Delay Assertion 
Endpoint:   o_V[3]                           (v) checked with  leading edge of 'clk'
Beginpoint: LIF_neuron_inst/r_acc_V_reg[3]/Q (v) triggered by  leading edge of 'clk'
Path Groups: {clk}
Analysis View: ana_1
Other End Arrival Time          0.000
- External Delay                0.000
+ Phase Shift                   0.000
= Required Time                -0.000
  Arrival Time                  3.763
  Slack Time                    3.764
     Clock Rise Edge                      0.000
     = Beginpoint Arrival Time            0.000
      -----------------------------------------------------------------------------------------------------------------------------
      Pin                                           Edge  Net                           Cell              Delay   Arrival  Required  
                                                                                                                  Time     Time  
      -----------------------------------------------------------------------------------------------------------------------------
      clk                                           ^     clk                           -                 -       0.000    -3.764  
      iopads_inst/pclck/PAD                         ^     clk                           PDIDGZ            0.000   0.000    -3.764  
      iopads_inst/pclck/C                           ^     clkI                          PDIDGZ            0.938   0.938    -2.825  
      LIF_neuron_inst/RC_CG_HIER_INST1/g15__2398/A  ^     clkI                          AND2XL            -0.016  0.922    -2.841  
      LIF_neuron_inst/RC_CG_HIER_INST1/g15__2398/Y  ^     LIF_neuron_inst/rc_gclk       AND2XL            0.329   1.252    -2.512  
      LIF_neuron_inst/r_acc_V_reg[3]/CK             ^     LIF_neuron_inst/rc_gclk       DFFRX1            0.000   1.252    -2.511  
      LIF_neuron_inst/r_acc_V_reg[3]/Q              v     LIF_neuron_inst/FE_OFN3_vO_3  DFFRX1            0.605   1.857    -1.906  
      LIF_neuron_inst/FE_OFC3_vO_3/A                v     LIF_neuron_inst/FE_OFN3_vO_3  BUFX3             0.000   1.857    -1.906  
      LIF_neuron_inst/FE_OFC3_vO_3/Y                v     vO[3]                         BUFX3             0.273   2.130    -1.633  
      iopads_inst/pv3/I                             v     vO[3]                         PDO04CDG          -0.115  2.015    -1.748  
      iopads_inst/pv3/PAD                           v     o_V[3]                        PDO04CDG          1.748   3.763    -0.000  
      o_V[3]                                        v     o_V[3]                        LIF_neuron_m_top  0.000   3.763    -0.000  
      -----------------------------------------------------------------------------------------------------------------------------
Path 27: MET Early External Delay Assertion 
Endpoint:   o_V[1]                           (v) checked with  leading edge of 'clk'
Beginpoint: LIF_neuron_inst/r_acc_V_reg[1]/Q (v) triggered by  leading edge of 'clk'
Path Groups: {clk}
Analysis View: ana_1
Other End Arrival Time          0.000
- External Delay                0.000
+ Phase Shift                   0.000
= Required Time                -0.000
  Arrival Time                  3.770
  Slack Time                    3.770
     Clock Rise Edge                      0.000
     = Beginpoint Arrival Time            0.000
      -----------------------------------------------------------------------------------------------------------------------------
      Pin                                           Edge  Net                           Cell              Delay   Arrival  Required  
                                                                                                                  Time     Time  
      -----------------------------------------------------------------------------------------------------------------------------
      clk                                           ^     clk                           -                 -       0.000    -3.770  
      iopads_inst/pclck/PAD                         ^     clk                           PDIDGZ            0.000   0.000    -3.770  
      iopads_inst/pclck/C                           ^     clkI                          PDIDGZ            0.938   0.938    -2.832  
      LIF_neuron_inst/RC_CG_HIER_INST1/g15__2398/A  ^     clkI                          AND2XL            -0.016  0.922    -2.848  
      LIF_neuron_inst/RC_CG_HIER_INST1/g15__2398/Y  ^     LIF_neuron_inst/rc_gclk       AND2XL            0.329   1.252    -2.518  
      LIF_neuron_inst/r_acc_V_reg[1]/CK             ^     LIF_neuron_inst/rc_gclk       DFFRX1            0.000   1.252    -2.518  
      LIF_neuron_inst/r_acc_V_reg[1]/Q              v     LIF_neuron_inst/FE_OFN0_vO_1  DFFRX1            0.608   1.860    -1.910  
      LIF_neuron_inst/FE_OFC0_vO_1/A                v     LIF_neuron_inst/FE_OFN0_vO_1  BUFX3             0.000   1.860    -1.910  
      LIF_neuron_inst/FE_OFC0_vO_1/Y                v     vO[1]                         BUFX3             0.269   2.129    -1.641  
      iopads_inst/pv1/I                             v     vO[1]                         PDO04CDG          -0.109  2.020    -1.750  
      iopads_inst/pv1/PAD                           v     o_V[1]                        PDO04CDG          1.750   3.770    -0.000  
      o_V[1]                                        v     o_V[1]                        LIF_neuron_m_top  0.000   3.770    -0.000  
      -----------------------------------------------------------------------------------------------------------------------------
Path 28: MET Early External Delay Assertion 
Endpoint:   o_V[2]                           (v) checked with  leading edge of 'clk'
Beginpoint: LIF_neuron_inst/r_acc_V_reg[2]/Q (v) triggered by  leading edge of 'clk'
Path Groups: {clk}
Analysis View: ana_1
Other End Arrival Time          0.000
- External Delay                0.000
+ Phase Shift                   0.000
= Required Time                -0.000
  Arrival Time                  3.786
  Slack Time                    3.786
     Clock Rise Edge                      0.000
     = Beginpoint Arrival Time            0.000
      -----------------------------------------------------------------------------------------------------------------------------
      Pin                                           Edge  Net                           Cell              Delay   Arrival  Required  
                                                                                                                  Time     Time  
      -----------------------------------------------------------------------------------------------------------------------------
      clk                                           ^     clk                           -                 -       0.000    -3.786  
      iopads_inst/pclck/PAD                         ^     clk                           PDIDGZ            0.000   0.000    -3.786  
      iopads_inst/pclck/C                           ^     clkI                          PDIDGZ            0.938   0.938    -2.848  
      LIF_neuron_inst/RC_CG_HIER_INST1/g15__2398/A  ^     clkI                          AND2XL            -0.016  0.922    -2.864  
      LIF_neuron_inst/RC_CG_HIER_INST1/g15__2398/Y  ^     LIF_neuron_inst/rc_gclk       AND2XL            0.329   1.252    -2.534  
      LIF_neuron_inst/r_acc_V_reg[2]/CK             ^     LIF_neuron_inst/rc_gclk       DFFRX1            0.000   1.252    -2.534  
      LIF_neuron_inst/r_acc_V_reg[2]/Q              v     LIF_neuron_inst/FE_OFN1_vO_2  DFFRX1            0.628   1.880    -1.906  
      LIF_neuron_inst/FE_OFC1_vO_2/A                v     LIF_neuron_inst/FE_OFN1_vO_2  BUFX3             0.000   1.880    -1.906  
      LIF_neuron_inst/FE_OFC1_vO_2/Y                v     vO[2]                         BUFX3             0.264   2.144    -1.642  
      iopads_inst/pv2/I                             v     vO[2]                         PDO04CDG          -0.103  2.041    -1.745  
      iopads_inst/pv2/PAD                           v     o_V[2]                        PDO04CDG          1.745   3.786    -0.000  
      o_V[2]                                        v     o_V[2]                        LIF_neuron_m_top  0.000   3.786    -0.000  
      -----------------------------------------------------------------------------------------------------------------------------
Path 29: MET Early External Delay Assertion 
Endpoint:   o_V[0]                           (v) checked with  leading edge of 'clk'
Beginpoint: LIF_neuron_inst/r_acc_V_reg[0]/Q (v) triggered by  leading edge of 'clk'
Path Groups: {clk}
Analysis View: ana_1
Other End Arrival Time          0.000
- External Delay                0.000
+ Phase Shift                   0.000
= Required Time                -0.000
  Arrival Time                  3.806
  Slack Time                    3.806
     Clock Rise Edge                      0.000
     = Beginpoint Arrival Time            0.000
      -------------------------------------------------------------------------------------------------------------------------
      Pin                                           Edge  Net                       Cell              Delay   Arrival  Required  
                                                                                                              Time     Time  
      -------------------------------------------------------------------------------------------------------------------------
      clk                                           ^     clk                       -                 -       0.000    -3.806  
      iopads_inst/pclck/PAD                         ^     clk                       PDIDGZ            0.000   0.000    -3.806  
      iopads_inst/pclck/C                           ^     clkI                      PDIDGZ            0.938   0.938    -2.868  
      LIF_neuron_inst/RC_CG_HIER_INST1/g15__2398/A  ^     clkI                      AND2XL            -0.016  0.922    -2.884  
      LIF_neuron_inst/RC_CG_HIER_INST1/g15__2398/Y  ^     LIF_neuron_inst/rc_gclk   AND2XL            0.329   1.252    -2.554  
      LIF_neuron_inst/r_acc_V_reg[0]/CK             ^     LIF_neuron_inst/rc_gclk   DFFRX1            0.000   1.252    -2.554  
      LIF_neuron_inst/r_acc_V_reg[0]/Q              v     vO[0]                     DFFRX1            0.643   1.896    -1.911  
      iopads_inst/FE_OFC2_vO_0/A                    v     vO[0]                     BUFX3             0.000   1.896    -1.910  
      iopads_inst/FE_OFC2_vO_0/Y                    v     iopads_inst/FE_OFN2_vO_0  BUFX3             0.267   2.162    -1.644  
      iopads_inst/pv0/I                             v     iopads_inst/FE_OFN2_vO_0  PDO04CDG          -0.100  2.062    -1.744  
      iopads_inst/pv0/PAD                           v     o_V[0]                    PDO04CDG          1.744   3.806    -0.000  
      o_V[0]                                        v     o_V[0]                    LIF_neuron_m_top  0.000   3.806    -0.000  
      -------------------------------------------------------------------------------------------------------------------------

