1 clk
2 rst_n
3 i_wspike[2]
4 i_wspike[1]
5 i_wspike[0]
6 i_svalid
7 i_recc
8 scan_in
9 scan_en
10 test_mode
11 scan_out
12 i_Thres[5]
13 i_Thres[4]
14 i_Thres[3]
15 i_Thres[2]
16 i_Thres[1]
17 i_Thres[0]
18 i_Thres_valid
19 o_V[5]
20 o_V[4]
21 o_V[3]
22 o_V[2]
23 o_V[1]
24 o_V[0]
25 o_spike
26 thres_validI
27 scan_enI
28 scanI
29 thresI[5]
30 thresI[4]
31 thresI[3]
32 thresI[2]
33 thresI[1]
34 thresI[0]
35 LIF_neuron_inst/UNCONNECTED1
36 LIF_neuron_inst/UNCONNECTED2
37 LIF_neuron_inst/UNCONNECTED3
38 LIF_neuron_inst/UNCONNECTED4
39 LIF_neuron_inst/UNCONNECTED5
40 LIF_neuron_inst/UNCONNECTED6
41 LIF_neuron_inst/UNCONNECTED7
42 LIF_neuron_inst/UNCONNECTED8
43 LIF_neuron_inst/RC_CG_HIER_INST1/UNCONNECTED
44 LIF_neuron_inst/RC_CG_HIER_INST2/UNCONNECTED0
